{
  "stats": {
    "suites": 46,
    "tests": 252,
    "passes": 252,
    "pending": 0,
    "failures": 0,
    "start": "2019-12-23T19:46:05.768Z",
    "end": "2019-12-23T19:46:34.032Z",
    "duration": 28264,
    "testsRegistered": 252,
    "passPercent": 100,
    "pendingPercent": 0,
    "other": 0,
    "hasOther": false,
    "skipped": 0,
    "hasSkipped": false
  },
  "results": [
    {
      "uuid": "ed2e837c-45eb-40c8-8d1c-bfbe52a62348",
      "title": "",
      "fullFile": "",
      "file": "",
      "beforeHooks": [
        {
          "title": "\"before all\" hook: Global Before All",
          "fullTitle": "\"before all\" hook: Global Before All",
          "timedOut": false,
          "duration": 1,
          "state": null,
          "speed": null,
          "pass": false,
          "fail": false,
          "pending": false,
          "context": null,
          "code": "const clearDb = async () => {\n    for (const i in mongoose.connection.collections) {\n        await mongoose.connection.collections[i].deleteMany({});\n    }\nif (mongoose.connection.readyState === 0) {\n    await mongoose\n        .connect(`mongodb://${dbConfig.host}:${dbConfig.port}/${dbConfig.db}`, {\n            useNewUrlParser: true,\n            useUnifiedTopology: true,\n            useFindAndModify: false,\n            useCreateIndex: true\n        });\n    mongoose.connection.on('error', (err) => {\n        console.error(err);\n    });\n    mongoose.connection.on('reconnectFailed', (err) => {\n        throw err;\n    });\n\n    return await clearDb();\n} else {\n    return await clearDb();\n}\n}",
          "err": {},
          "uuid": "72559c35-ffdd-432b-ac9b-ca2648147d1a",
          "parentUUID": "ed2e837c-45eb-40c8-8d1c-bfbe52a62348",
          "isHook": true,
          "skipped": false
        }
      ],
      "afterHooks": [
        {
          "title": "\"after all\" hook: Global After All",
          "fullTitle": "\"after all\" hook: Global After All",
          "timedOut": false,
          "duration": 0,
          "state": null,
          "speed": null,
          "pass": false,
          "fail": false,
          "pending": false,
          "context": null,
          "code": "mongoose.disconnect();\ndone();",
          "err": {},
          "uuid": "a1766615-c3ae-44d6-aa5b-86e1bc3037db",
          "parentUUID": "ed2e837c-45eb-40c8-8d1c-bfbe52a62348",
          "isHook": true,
          "skipped": false
        }
      ],
      "tests": [],
      "suites": [
        {
          "uuid": "b456c80f-80d2-4998-a16b-8908ac9cda77",
          "title": "Create Questionnaire",
          "fullFile": "/bwa/test/assignment/createQuestionnaire.test.js",
          "file": "/test/assignment/createQuestionnaire.test.js",
          "beforeHooks": [
            {
              "title": "\"before all\" hook",
              "fullTitle": "Create Questionnaire \"before all\" hook",
              "timedOut": false,
              "duration": 656,
              "state": null,
              "speed": null,
              "pass": false,
              "fail": false,
              "pending": false,
              "context": null,
              "code": "try {\n    User.deleteMany({});\n    const admin = new User(adminData);\n    admin.save();\n    const teacher = new User(teacherData);\n    teacher.save();\n    const student = new User(studentData);\n    student.save();\n}\ncatch (err) {\n  // eslint-disable-next-line no-console\n  console.log(err);\n  throw err;\n}",
              "err": {},
              "uuid": "55fb8b7e-b931-487d-9899-07b187ba161e",
              "parentUUID": "b456c80f-80d2-4998-a16b-8908ac9cda77",
              "isHook": true,
              "skipped": false
            },
            {
              "title": "\"before each\" hook",
              "fullTitle": "Create Questionnaire \"before each\" hook",
              "timedOut": false,
              "duration": 6,
              "state": null,
              "speed": null,
              "pass": false,
              "fail": false,
              "pending": false,
              "context": null,
              "code": "adminUser\n    .post('/users/login')\n    .send(adminCredentials)\n    .end(function (err, response) {\n        if (err) return done(err);\n        expect(response.statusCode).to.equal(302);\n        expect('Location', '/users/me');\n        done();\n    });",
              "err": {},
              "uuid": "b8a45a59-23d2-4a75-975c-6a2c6b7e0d72",
              "parentUUID": "b456c80f-80d2-4998-a16b-8908ac9cda77",
              "isHook": true,
              "skipped": false
            },
            {
              "title": "\"before each\" hook",
              "fullTitle": "Create Questionnaire \"before each\" hook",
              "timedOut": false,
              "duration": 7,
              "state": null,
              "speed": null,
              "pass": false,
              "fail": false,
              "pending": false,
              "context": null,
              "code": "teacherUser\n    .post('/users/login')\n    .send(teacherCredentials)\n    .end(function (err, response) {\n        if (err) return done(err);\n        expect(response.statusCode).to.equal(302);\n        expect('Location', '/users/me');\n        done();\n    });",
              "err": {},
              "uuid": "cd1b9b18-7218-4e47-bb73-5fea2417930a",
              "parentUUID": "b456c80f-80d2-4998-a16b-8908ac9cda77",
              "isHook": true,
              "skipped": false
            },
            {
              "title": "\"before each\" hook",
              "fullTitle": "Create Questionnaire \"before each\" hook",
              "timedOut": false,
              "duration": 7,
              "state": null,
              "speed": null,
              "pass": false,
              "fail": false,
              "pending": false,
              "context": null,
              "code": "studentUser\n    .post('/users/login')\n    .send(studentCredentials)\n    .end(function (err, response) {\n        if (err) return done(err);\n        expect(response.statusCode).to.equal(302);\n        expect('Location', '/users/me');\n        done();\n    });",
              "err": {},
              "uuid": "4a679281-a3e1-4605-b19e-ceab31411c97",
              "parentUUID": "b456c80f-80d2-4998-a16b-8908ac9cda77",
              "isHook": true,
              "skipped": false
            },
            {
              "title": "\"before each\" hook",
              "fullTitle": "Create Questionnaire \"before each\" hook",
              "timedOut": false,
              "duration": 10,
              "state": null,
              "speed": null,
              "pass": false,
              "fail": false,
              "pending": false,
              "context": null,
              "code": "await Questionnaire.deleteMany({});\nlet questionnaire = new Questionnaire(questionnaireData);\nawait questionnaire.save();",
              "err": {},
              "uuid": "610d503a-d2a0-496a-a775-f33e6c58f88c",
              "parentUUID": "b456c80f-80d2-4998-a16b-8908ac9cda77",
              "isHook": true,
              "skipped": false
            }
          ],
          "afterHooks": [],
          "tests": [],
          "suites": [
            {
              "uuid": "ced0a3c2-eb96-4059-b4ff-5847bdd83aaa",
              "title": "Questionnaire creation authorization",
              "fullFile": "/bwa/test/assignment/createQuestionnaire.test.js",
              "file": "/test/assignment/createQuestionnaire.test.js",
              "beforeHooks": [],
              "afterHooks": [],
              "tests": [
                {
                  "title": "must let an admin to create new questionnaires",
                  "fullTitle": "Create Questionnaire Questionnaire creation authorization must let an admin to create new questionnaires",
                  "timedOut": false,
                  "duration": 306,
                  "state": "passed",
                  "speed": "slow",
                  "pass": true,
                  "fail": false,
                  "pending": false,
                  "context": null,
                  "code": "const rawData = fs.readFileSync(fPath + '/adminQuestionnaire.json', 'utf8');\nsendToServer(rawData, 200, 200, adminUser, done);",
                  "err": {},
                  "uuid": "b4810e0c-e5fe-4b8c-b9ed-0252f6ecef44",
                  "parentUUID": "ced0a3c2-eb96-4059-b4ff-5847bdd83aaa",
                  "isHook": false,
                  "skipped": false
                },
                {
                  "title": "must let a teacher to create new questionnaires",
                  "fullTitle": "Create Questionnaire Questionnaire creation authorization must let a teacher to create new questionnaires",
                  "timedOut": false,
                  "duration": 160,
                  "state": "passed",
                  "speed": "slow",
                  "pass": true,
                  "fail": false,
                  "pending": false,
                  "context": null,
                  "code": "const rawData = fs.readFileSync(fPath + '/teacherQuestionnaire.json', 'utf8');\nsendToServer(rawData, 200, 200, teacherUser, done);",
                  "err": {},
                  "uuid": "220a2781-d55f-4689-a1b6-9f36e106ecb3",
                  "parentUUID": "ced0a3c2-eb96-4059-b4ff-5847bdd83aaa",
                  "isHook": false,
                  "skipped": false
                },
                {
                  "title": "must NOT let a student to create new questionnaires",
                  "fullTitle": "Create Questionnaire Questionnaire creation authorization must NOT let a student to create new questionnaires",
                  "timedOut": false,
                  "duration": 33,
                  "state": "passed",
                  "speed": "fast",
                  "pass": true,
                  "fail": false,
                  "pending": false,
                  "context": null,
                  "code": "const rawData = fs.readFileSync(fPath + '/studentQuestionnaire.json', 'utf8');\nsendToServer(rawData, 302, 302, studentUser, done);",
                  "err": {},
                  "uuid": "c9b41d9b-0b98-4082-879a-cf952cd2c749",
                  "parentUUID": "ced0a3c2-eb96-4059-b4ff-5847bdd83aaa",
                  "isHook": false,
                  "skipped": false
                },
                {
                  "title": "must NOT let a non-logged-in user to edit questionnaires",
                  "fullTitle": "Create Questionnaire Questionnaire creation authorization must NOT let a non-logged-in user to edit questionnaires",
                  "timedOut": false,
                  "duration": 17,
                  "state": "passed",
                  "speed": "fast",
                  "pass": true,
                  "fail": false,
                  "pending": false,
                  "context": null,
                  "code": "const rawData = fs.readFileSync(fPath + '/studentQuestionnaire.json', 'utf8');\nsendToServer(rawData, 302, 302, unauthorizedUser, done);",
                  "err": {},
                  "uuid": "3fb1e343-1750-48c7-aaab-ea7675259692",
                  "parentUUID": "ced0a3c2-eb96-4059-b4ff-5847bdd83aaa",
                  "isHook": false,
                  "skipped": false
                },
                {
                  "title": "must require a valid csrf token",
                  "fullTitle": "Create Questionnaire Questionnaire creation authorization must require a valid csrf token",
                  "timedOut": false,
                  "duration": 44,
                  "state": "passed",
                  "speed": "medium",
                  "pass": true,
                  "fail": false,
                  "pending": false,
                  "context": null,
                  "code": "const rawData = fs.readFileSync(fPath + '/emptyTitle.json', 'utf8');\nconst csrfToken = '\" \"';\nconst data = rawData + csrfToken + ' }';\nadminUser.post('/questionnaires/new')\n    .send(JSON.parse(data))\n    .end(function (err, res) {\n        if (err) return done(err);\n        expect(res.statusCode).to.equal(403);\n        done();\n    });",
                  "err": {},
                  "uuid": "46177407-1716-409f-bc91-e1bb3dd1bbaa",
                  "parentUUID": "ced0a3c2-eb96-4059-b4ff-5847bdd83aaa",
                  "isHook": false,
                  "skipped": false
                }
              ],
              "suites": [],
              "passes": [
                "b4810e0c-e5fe-4b8c-b9ed-0252f6ecef44",
                "220a2781-d55f-4689-a1b6-9f36e106ecb3",
                "c9b41d9b-0b98-4082-879a-cf952cd2c749",
                "3fb1e343-1750-48c7-aaab-ea7675259692",
                "46177407-1716-409f-bc91-e1bb3dd1bbaa"
              ],
              "failures": [],
              "pending": [],
              "skipped": [],
              "duration": 560,
              "root": false,
              "rootEmpty": false,
              "_timeout": 20000
            },
            {
              "uuid": "9ede534e-c204-4bb0-a7f8-0d5782422891",
              "title": "New questionnaire validation",
              "fullFile": "/bwa/test/assignment/createQuestionnaire.test.js",
              "file": "/test/assignment/createQuestionnaire.test.js",
              "beforeHooks": [],
              "afterHooks": [],
              "tests": [
                {
                  "title": "must be able to handle an empty questionnaire",
                  "fullTitle": "Create Questionnaire New questionnaire validation must be able to handle an empty questionnaire",
                  "timedOut": false,
                  "duration": 128,
                  "state": "passed",
                  "speed": "slow",
                  "pass": true,
                  "fail": false,
                  "pending": false,
                  "context": null,
                  "code": "const file = 'emptyQuestionnaire.json';\nvalidationSend(file, done);",
                  "err": {},
                  "uuid": "afe1d7ca-15de-4fc3-85ef-34fde1480824",
                  "parentUUID": "9ede534e-c204-4bb0-a7f8-0d5782422891",
                  "isHook": false,
                  "skipped": false
                },
                {
                  "title": "must be able to handle an empty title",
                  "fullTitle": "Create Questionnaire New questionnaire validation must be able to handle an empty title",
                  "timedOut": false,
                  "duration": 162,
                  "state": "passed",
                  "speed": "slow",
                  "pass": true,
                  "fail": false,
                  "pending": false,
                  "context": null,
                  "code": "const file = 'emptyTitle.json';\nvalidationSend(file, done);",
                  "err": {},
                  "uuid": "1fd37765-6a33-4199-ae87-ec27d5e30598",
                  "parentUUID": "9ede534e-c204-4bb0-a7f8-0d5782422891",
                  "isHook": false,
                  "skipped": false
                },
                {
                  "title": "must be able to handle a too long title",
                  "fullTitle": "Create Questionnaire New questionnaire validation must be able to handle a too long title",
                  "timedOut": false,
                  "duration": 113,
                  "state": "passed",
                  "speed": "slow",
                  "pass": true,
                  "fail": false,
                  "pending": false,
                  "context": null,
                  "code": "const file = 'tooLongTitle.json';\nvalidationSend(file, done);",
                  "err": {},
                  "uuid": "8b939619-3e44-4953-9911-93f85fef491e",
                  "parentUUID": "9ede534e-c204-4bb0-a7f8-0d5782422891",
                  "isHook": false,
                  "skipped": false
                },
                {
                  "title": "must be able to handle a duplicate title",
                  "fullTitle": "Create Questionnaire New questionnaire validation must be able to handle a duplicate title",
                  "timedOut": false,
                  "duration": 124,
                  "state": "passed",
                  "speed": "slow",
                  "pass": true,
                  "fail": false,
                  "pending": false,
                  "context": null,
                  "code": "const file = 'duplicateTitle.json';\nvalidationSend(file, done);",
                  "err": {},
                  "uuid": "5526dc85-2c95-4c1e-9941-5b33b0220b3b",
                  "parentUUID": "9ede534e-c204-4bb0-a7f8-0d5782422891",
                  "isHook": false,
                  "skipped": false
                },
                {
                  "title": "must be able to handle incorrect submissions number",
                  "fullTitle": "Create Questionnaire New questionnaire validation must be able to handle incorrect submissions number",
                  "timedOut": false,
                  "duration": 148,
                  "state": "passed",
                  "speed": "slow",
                  "pass": true,
                  "fail": false,
                  "pending": false,
                  "context": null,
                  "code": "const file = 'incorrectSubmissions.json';\nvalidationSend(file, done);",
                  "err": {},
                  "uuid": "0253d60d-dd3e-4055-8052-fe79f087d38b",
                  "parentUUID": "9ede534e-c204-4bb0-a7f8-0d5782422891",
                  "isHook": false,
                  "skipped": false
                },
                {
                  "title": "must be able to handle a no questions situation",
                  "fullTitle": "Create Questionnaire New questionnaire validation must be able to handle a no questions situation",
                  "timedOut": false,
                  "duration": 105,
                  "state": "passed",
                  "speed": "slow",
                  "pass": true,
                  "fail": false,
                  "pending": false,
                  "context": null,
                  "code": "const file = 'noQuestions.json';\nvalidationSend(file, done);",
                  "err": {},
                  "uuid": "be438175-2630-449a-8262-b9c883e5cf0d",
                  "parentUUID": "9ede534e-c204-4bb0-a7f8-0d5782422891",
                  "isHook": false,
                  "skipped": false
                },
                {
                  "title": "must be able to handle a duplicate questions title",
                  "fullTitle": "Create Questionnaire New questionnaire validation must be able to handle a duplicate questions title",
                  "timedOut": false,
                  "duration": 111,
                  "state": "passed",
                  "speed": "slow",
                  "pass": true,
                  "fail": false,
                  "pending": false,
                  "context": null,
                  "code": "const file = 'duplicateQuestions.json';\nvalidationSend(file, done);",
                  "err": {},
                  "uuid": "fcb2f333-d3a0-4ac0-a8db-ab71e7918c57",
                  "parentUUID": "9ede534e-c204-4bb0-a7f8-0d5782422891",
                  "isHook": false,
                  "skipped": false
                },
                {
                  "title": "must be able to handle a no options situation",
                  "fullTitle": "Create Questionnaire New questionnaire validation must be able to handle a no options situation",
                  "timedOut": false,
                  "duration": 131,
                  "state": "passed",
                  "speed": "slow",
                  "pass": true,
                  "fail": false,
                  "pending": false,
                  "context": null,
                  "code": "const file = 'noOptions.json';\nvalidationSend(file, done);",
                  "err": {},
                  "uuid": "0d30054a-3883-4ca9-abe8-ed0f1d3534d2",
                  "parentUUID": "9ede534e-c204-4bb0-a7f8-0d5782422891",
                  "isHook": false,
                  "skipped": false
                },
                {
                  "title": "must be able to handle incorrect number of options",
                  "fullTitle": "Create Questionnaire New questionnaire validation must be able to handle incorrect number of options",
                  "timedOut": false,
                  "duration": 152,
                  "state": "passed",
                  "speed": "slow",
                  "pass": true,
                  "fail": false,
                  "pending": false,
                  "context": null,
                  "code": "const file = 'incorrectNumberOfOptions.json';\nvalidationSend(file, done);",
                  "err": {},
                  "uuid": "b9827aa3-79d9-4c3d-8415-90f30f177f5f",
                  "parentUUID": "9ede534e-c204-4bb0-a7f8-0d5782422891",
                  "isHook": false,
                  "skipped": false
                },
                {
                  "title": "must be able to handle duplicate options",
                  "fullTitle": "Create Questionnaire New questionnaire validation must be able to handle duplicate options",
                  "timedOut": false,
                  "duration": 129,
                  "state": "passed",
                  "speed": "slow",
                  "pass": true,
                  "fail": false,
                  "pending": false,
                  "context": null,
                  "code": "const file = 'duplicateOptions.json';\nvalidationSend(file, done);",
                  "err": {},
                  "uuid": "f6e34009-700f-4235-8afa-6e168676d57e",
                  "parentUUID": "9ede534e-c204-4bb0-a7f8-0d5782422891",
                  "isHook": false,
                  "skipped": false
                },
                {
                  "title": "must be able to handle \"true\" options missing",
                  "fullTitle": "Create Questionnaire New questionnaire validation must be able to handle \"true\" options missing",
                  "timedOut": false,
                  "duration": 137,
                  "state": "passed",
                  "speed": "slow",
                  "pass": true,
                  "fail": false,
                  "pending": false,
                  "context": null,
                  "code": "const file = 'trueOptionsMissing.json';\nvalidationSend(file, done);",
                  "err": {},
                  "uuid": "426eb0e2-58c3-4005-a0ef-29eea07b14af",
                  "parentUUID": "9ede534e-c204-4bb0-a7f8-0d5782422891",
                  "isHook": false,
                  "skipped": false
                },
                {
                  "title": "must be able to handle incorrect max points",
                  "fullTitle": "Create Questionnaire New questionnaire validation must be able to handle incorrect max points",
                  "timedOut": false,
                  "duration": 137,
                  "state": "passed",
                  "speed": "slow",
                  "pass": true,
                  "fail": false,
                  "pending": false,
                  "context": null,
                  "code": "const file = 'incorrectMaxPoints.json';\nvalidationSend(file, done);",
                  "err": {},
                  "uuid": "89055939-713c-4c1b-8f86-d9455593aade",
                  "parentUUID": "9ede534e-c204-4bb0-a7f8-0d5782422891",
                  "isHook": false,
                  "skipped": false
                },
                {
                  "title": "must be able to handle xss",
                  "fullTitle": "Create Questionnaire New questionnaire validation must be able to handle xss",
                  "timedOut": false,
                  "duration": 114,
                  "state": "passed",
                  "speed": "slow",
                  "pass": true,
                  "fail": false,
                  "pending": false,
                  "context": null,
                  "code": "const file = 'xss.json';\nvalidationSendMore(file, 200, 200, done);",
                  "err": {},
                  "uuid": "1674c912-cffa-4b0e-bd7e-fa1a291bf128",
                  "parentUUID": "9ede534e-c204-4bb0-a7f8-0d5782422891",
                  "isHook": false,
                  "skipped": false
                }
              ],
              "suites": [],
              "passes": [
                "afe1d7ca-15de-4fc3-85ef-34fde1480824",
                "1fd37765-6a33-4199-ae87-ec27d5e30598",
                "8b939619-3e44-4953-9911-93f85fef491e",
                "5526dc85-2c95-4c1e-9941-5b33b0220b3b",
                "0253d60d-dd3e-4055-8052-fe79f087d38b",
                "be438175-2630-449a-8262-b9c883e5cf0d",
                "fcb2f333-d3a0-4ac0-a8db-ab71e7918c57",
                "0d30054a-3883-4ca9-abe8-ed0f1d3534d2",
                "b9827aa3-79d9-4c3d-8415-90f30f177f5f",
                "f6e34009-700f-4235-8afa-6e168676d57e",
                "426eb0e2-58c3-4005-a0ef-29eea07b14af",
                "89055939-713c-4c1b-8f86-d9455593aade",
                "1674c912-cffa-4b0e-bd7e-fa1a291bf128"
              ],
              "failures": [],
              "pending": [],
              "skipped": [],
              "duration": 1691,
              "root": false,
              "rootEmpty": false,
              "_timeout": 20000
            }
          ],
          "passes": [],
          "failures": [],
          "pending": [],
          "skipped": [],
          "duration": 0,
          "root": false,
          "rootEmpty": false,
          "_timeout": 20000
        },
        {
          "uuid": "63c77637-7a80-4462-ab30-b01bea397047",
          "title": "Delete Questionnaire",
          "fullFile": "/bwa/test/assignment/deleteQuestionnaire.test.js",
          "file": "/test/assignment/deleteQuestionnaire.test.js",
          "beforeHooks": [
            {
              "title": "\"before all\" hook",
              "fullTitle": "Delete Questionnaire \"before all\" hook",
              "timedOut": false,
              "duration": 605,
              "state": null,
              "speed": null,
              "pass": false,
              "fail": false,
              "pending": false,
              "context": null,
              "code": "try {\n    await User.deleteMany({});\n    const admin = new User(adminData);\n    await admin.save();\n    const teacher = new User(teacherData);\n    await teacher.save();\n    const student = new User(studentData);\n    await student.save();\n}\ncatch (err) {\n  // eslint-disable-next-line no-console\n  console.log(err);\n  throw err;\n}",
              "err": {},
              "uuid": "3dbf2186-d3ce-4e15-a3f5-095c1b9946cd",
              "parentUUID": "63c77637-7a80-4462-ab30-b01bea397047",
              "isHook": true,
              "skipped": false
            },
            {
              "title": "\"before each\" hook",
              "fullTitle": "Delete Questionnaire \"before each\" hook",
              "timedOut": false,
              "duration": 7,
              "state": null,
              "speed": null,
              "pass": false,
              "fail": false,
              "pending": false,
              "context": null,
              "code": "adminUser\n    .post('/users/login')\n    .send(adminCredentials)\n    .end(function (err, response) {\n        if (err) return done(err);\n        expect(response.statusCode).to.equal(302);\n        expect('Location', '/users/me');\n        done();\n    });",
              "err": {},
              "uuid": "740aab42-50be-4a16-beee-2411e6ade429",
              "parentUUID": "63c77637-7a80-4462-ab30-b01bea397047",
              "isHook": true,
              "skipped": false
            },
            {
              "title": "\"before each\" hook",
              "fullTitle": "Delete Questionnaire \"before each\" hook",
              "timedOut": false,
              "duration": 7,
              "state": null,
              "speed": null,
              "pass": false,
              "fail": false,
              "pending": false,
              "context": null,
              "code": "teacherUser\n    .post('/users/login')\n    .send(teacherCredentials)\n    .end(function (err, response) {\n        if (err) return done(err);\n        expect(response.statusCode).to.equal(302);\n        expect('Location', '/users/me');\n        done();\n    });",
              "err": {},
              "uuid": "c67d289e-3608-43d5-9095-af3e93bd1f39",
              "parentUUID": "63c77637-7a80-4462-ab30-b01bea397047",
              "isHook": true,
              "skipped": false
            },
            {
              "title": "\"before each\" hook",
              "fullTitle": "Delete Questionnaire \"before each\" hook",
              "timedOut": false,
              "duration": 6,
              "state": null,
              "speed": null,
              "pass": false,
              "fail": false,
              "pending": false,
              "context": null,
              "code": "studentUser\n    .post('/users/login')\n    .send(studentCredentials)\n    .end(function (err, response) {\n        if (err) return done(err);\n        expect(response.statusCode).to.equal(302);\n        expect('Location', '/users/me');\n        done();\n    });",
              "err": {},
              "uuid": "fd813fe8-4d3c-4204-a19d-8c57860f788c",
              "parentUUID": "63c77637-7a80-4462-ab30-b01bea397047",
              "isHook": true,
              "skipped": false
            },
            {
              "title": "\"before each\" hook",
              "fullTitle": "Delete Questionnaire \"before each\" hook",
              "timedOut": false,
              "duration": 10,
              "state": null,
              "speed": null,
              "pass": false,
              "fail": false,
              "pending": false,
              "context": null,
              "code": "await Questionnaire.deleteMany({});\nlet questionnaire = new Questionnaire(questionnaireData);\nawait questionnaire.save();",
              "err": {},
              "uuid": "ad2879ed-c497-4107-b966-029136a9154e",
              "parentUUID": "63c77637-7a80-4462-ab30-b01bea397047",
              "isHook": true,
              "skipped": false
            }
          ],
          "afterHooks": [],
          "tests": [],
          "suites": [
            {
              "uuid": "0d632455-021b-4c99-94ac-5627ac4c0bc1",
              "title": "Questionnaire deletion authorization",
              "fullFile": "/bwa/test/assignment/deleteQuestionnaire.test.js",
              "file": "/test/assignment/deleteQuestionnaire.test.js",
              "beforeHooks": [],
              "afterHooks": [],
              "tests": [
                {
                  "title": "must let an admin to delete questionnaires",
                  "fullTitle": "Delete Questionnaire Questionnaire deletion authorization must let an admin to delete questionnaires",
                  "timedOut": false,
                  "duration": 108,
                  "state": "passed",
                  "speed": "slow",
                  "pass": true,
                  "fail": false,
                  "pending": false,
                  "context": null,
                  "code": "sendToServerDelete(200, 200, adminUser, done);",
                  "err": {},
                  "uuid": "699087d7-8bd0-4b11-b9e6-4987c0265f97",
                  "parentUUID": "0d632455-021b-4c99-94ac-5627ac4c0bc1",
                  "isHook": false,
                  "skipped": false
                },
                {
                  "title": "must let a teacher to delete questionnaires",
                  "fullTitle": "Delete Questionnaire Questionnaire deletion authorization must let a teacher to delete questionnaires",
                  "timedOut": false,
                  "duration": 107,
                  "state": "passed",
                  "speed": "slow",
                  "pass": true,
                  "fail": false,
                  "pending": false,
                  "context": null,
                  "code": "sendToServerDelete(200, 200, teacherUser, done);",
                  "err": {},
                  "uuid": "746a74d4-5990-45b8-8ff7-25880c649dd0",
                  "parentUUID": "0d632455-021b-4c99-94ac-5627ac4c0bc1",
                  "isHook": false,
                  "skipped": false
                },
                {
                  "title": "must NOT let a student to delete questionnaires",
                  "fullTitle": "Delete Questionnaire Questionnaire deletion authorization must NOT let a student to delete questionnaires",
                  "timedOut": false,
                  "duration": 11,
                  "state": "passed",
                  "speed": "fast",
                  "pass": true,
                  "fail": false,
                  "pending": false,
                  "context": null,
                  "code": "sendToServerDelete(302, 302, studentUser, done);",
                  "err": {},
                  "uuid": "f1904003-e19e-4a65-9e02-ee304fa85ffc",
                  "parentUUID": "0d632455-021b-4c99-94ac-5627ac4c0bc1",
                  "isHook": false,
                  "skipped": false
                },
                {
                  "title": "must NOT let a not-logged-in person to delete questionnaires",
                  "fullTitle": "Delete Questionnaire Questionnaire deletion authorization must NOT let a not-logged-in person to delete questionnaires",
                  "timedOut": false,
                  "duration": 10,
                  "state": "passed",
                  "speed": "fast",
                  "pass": true,
                  "fail": false,
                  "pending": false,
                  "context": null,
                  "code": "sendToServerDelete(302, 302, unauthorizedUser, done);",
                  "err": {},
                  "uuid": "052996ae-87d5-4816-ac57-3169d4c42e17",
                  "parentUUID": "0d632455-021b-4c99-94ac-5627ac4c0bc1",
                  "isHook": false,
                  "skipped": false
                },
                {
                  "title": "must require a valid csrf token",
                  "fullTitle": "Delete Questionnaire Questionnaire deletion authorization must require a valid csrf token",
                  "timedOut": false,
                  "duration": 49,
                  "state": "passed",
                  "speed": "medium",
                  "pass": true,
                  "fail": false,
                  "pending": false,
                  "context": null,
                  "code": "const csrfToken = '\" \"';\nconst rawData = fs.readFileSync(fPath + 'adminQuestionnaire.json', 'utf8');\nconst data = rawData + csrfToken + ' }';\nlet id = Questionnaire.find({title: questionnaireData.title}).select('_id').exec( (err, id) => {\n    id = id[0]._id;\n    adminUser.post('/questionnaires/edit/' + id)\n        .send(JSON.parse(data))\n        .end(function (err, res) {\n            if (err) return done(err);\n            expect(res.statusCode).to.equal(403);\n            done();\n        });\n});",
                  "err": {},
                  "uuid": "3b931849-dca1-4d91-a63c-6876673aea10",
                  "parentUUID": "0d632455-021b-4c99-94ac-5627ac4c0bc1",
                  "isHook": false,
                  "skipped": false
                }
              ],
              "suites": [],
              "passes": [
                "699087d7-8bd0-4b11-b9e6-4987c0265f97",
                "746a74d4-5990-45b8-8ff7-25880c649dd0",
                "f1904003-e19e-4a65-9e02-ee304fa85ffc",
                "052996ae-87d5-4816-ac57-3169d4c42e17",
                "3b931849-dca1-4d91-a63c-6876673aea10"
              ],
              "failures": [],
              "pending": [],
              "skipped": [],
              "duration": 285,
              "root": false,
              "rootEmpty": false,
              "_timeout": 20000
            }
          ],
          "passes": [],
          "failures": [],
          "pending": [],
          "skipped": [],
          "duration": 0,
          "root": false,
          "rootEmpty": false,
          "_timeout": 20000
        },
        {
          "uuid": "23d421ce-e500-4a4e-b1dc-4340420fdb55",
          "title": "Game: A+ protocol",
          "fullFile": "/bwa/test/assignment/management.test.js",
          "file": "/test/assignment/management.test.js",
          "beforeHooks": [],
          "afterHooks": [],
          "tests": [
            {
              "title": "C: create operation available",
              "fullTitle": "Game: A+ protocol C: create operation available",
              "timedOut": false,
              "duration": 0,
              "state": "passed",
              "speed": "fast",
              "pass": true,
              "fail": false,
              "pending": false,
              "context": null,
              "code": "/*\n* Create operation testing done in\n* createQuestionnaire.test.js\n*/",
              "err": {},
              "uuid": "fc76c8d4-e7cd-48e8-86c5-402eb5fcf416",
              "parentUUID": "23d421ce-e500-4a4e-b1dc-4340420fdb55",
              "isHook": false,
              "skipped": false
            },
            {
              "title": "R: read operation available",
              "fullTitle": "Game: A+ protocol R: read operation available",
              "timedOut": false,
              "duration": 0,
              "state": "passed",
              "speed": "fast",
              "pass": true,
              "fail": false,
              "pending": false,
              "context": null,
              "code": "/*\n* Read operation testing done in\n* readQuestionnaire.test.js\n*/",
              "err": {},
              "uuid": "c4f0df30-ff60-44c3-962a-356dda62bc24",
              "parentUUID": "23d421ce-e500-4a4e-b1dc-4340420fdb55",
              "isHook": false,
              "skipped": false
            },
            {
              "title": "U: update operation available",
              "fullTitle": "Game: A+ protocol U: update operation available",
              "timedOut": false,
              "duration": 0,
              "state": "passed",
              "speed": "fast",
              "pass": true,
              "fail": false,
              "pending": false,
              "context": null,
              "code": "/*\n* Update operation testing done in\n* updateQuestionnaire.test.js\n*/",
              "err": {},
              "uuid": "3087cb0c-136c-4448-bb55-dae2f2e0d965",
              "parentUUID": "23d421ce-e500-4a4e-b1dc-4340420fdb55",
              "isHook": false,
              "skipped": false
            },
            {
              "title": "D: delete operation available",
              "fullTitle": "Game: A+ protocol D: delete operation available",
              "timedOut": false,
              "duration": 0,
              "state": "passed",
              "speed": "fast",
              "pass": true,
              "fail": false,
              "pending": false,
              "context": null,
              "code": "/*\n* Delete operation testing done in\n* deleteQuestionnaire.test.js\n*/",
              "err": {},
              "uuid": "e7c30d4e-edd2-4d71-9a86-aaaa4dec14aa",
              "parentUUID": "23d421ce-e500-4a4e-b1dc-4340420fdb55",
              "isHook": false,
              "skipped": false
            }
          ],
          "suites": [],
          "passes": [
            "fc76c8d4-e7cd-48e8-86c5-402eb5fcf416",
            "c4f0df30-ff60-44c3-962a-356dda62bc24",
            "3087cb0c-136c-4448-bb55-dae2f2e0d965",
            "e7c30d4e-edd2-4d71-9a86-aaaa4dec14aa"
          ],
          "failures": [],
          "pending": [],
          "skipped": [],
          "duration": 0,
          "root": false,
          "rootEmpty": false,
          "_timeout": 20000
        },
        {
          "uuid": "25cf9a4d-c01d-4026-aa70-89a70041cf3a",
          "title": "Read Questionnaire",
          "fullFile": "/bwa/test/assignment/readQuestionnaire.test.js",
          "file": "/test/assignment/readQuestionnaire.test.js",
          "beforeHooks": [
            {
              "title": "\"before all\" hook",
              "fullTitle": "Read Questionnaire \"before all\" hook",
              "timedOut": false,
              "duration": 593,
              "state": null,
              "speed": null,
              "pass": false,
              "fail": false,
              "pending": false,
              "context": null,
              "code": "try {\n    await User.deleteMany({});\n    const admin = new User(adminData);\n    await admin.save();\n    const teacher = new User(teacherData);\n    await teacher.save();\n    const student = new User(studentData);\n    await student.save();\n}\ncatch (err) {\n  // eslint-disable-next-line no-console\n  console.log(err);\n  throw err;\n}",
              "err": {},
              "uuid": "192bfccc-bb5d-42c4-8be8-85f344ed4ca8",
              "parentUUID": "25cf9a4d-c01d-4026-aa70-89a70041cf3a",
              "isHook": true,
              "skipped": false
            },
            {
              "title": "\"before each\" hook",
              "fullTitle": "Read Questionnaire \"before each\" hook",
              "timedOut": false,
              "duration": 11,
              "state": null,
              "speed": null,
              "pass": false,
              "fail": false,
              "pending": false,
              "context": null,
              "code": "adminUser\n    .post('/users/login')\n    .send(adminCredentials)\n    .end(function (err, response) {\n        if (err) return done(err);\n        expect(response.statusCode).to.equal(302);\n        expect('Location', '/users/me');\n        done();\n    });",
              "err": {},
              "uuid": "cc7a4931-33e5-4310-9515-753ddfcc53a5",
              "parentUUID": "25cf9a4d-c01d-4026-aa70-89a70041cf3a",
              "isHook": true,
              "skipped": false
            },
            {
              "title": "\"before each\" hook",
              "fullTitle": "Read Questionnaire \"before each\" hook",
              "timedOut": false,
              "duration": 7,
              "state": null,
              "speed": null,
              "pass": false,
              "fail": false,
              "pending": false,
              "context": null,
              "code": "teacherUser\n    .post('/users/login')\n    .send(teacherCredentials)\n    .end(function (err, response) {\n        if (err) return done(err);\n        expect(response.statusCode).to.equal(302);\n        expect('Location', '/users/me');\n        done();\n    });",
              "err": {},
              "uuid": "322cf21a-e962-4fc1-8b8c-239c755f56e6",
              "parentUUID": "25cf9a4d-c01d-4026-aa70-89a70041cf3a",
              "isHook": true,
              "skipped": false
            },
            {
              "title": "\"before each\" hook",
              "fullTitle": "Read Questionnaire \"before each\" hook",
              "timedOut": false,
              "duration": 7,
              "state": null,
              "speed": null,
              "pass": false,
              "fail": false,
              "pending": false,
              "context": null,
              "code": "studentUser\n    .post('/users/login')\n    .send(studentCredentials)\n    .end(function (err, response) {\n        if (err) return done(err);\n        expect(response.statusCode).to.equal(302);\n        expect('Location', '/users/me');\n        done();\n    });",
              "err": {},
              "uuid": "993614d0-7a04-4c4b-a301-6eb0114493a2",
              "parentUUID": "25cf9a4d-c01d-4026-aa70-89a70041cf3a",
              "isHook": true,
              "skipped": false
            },
            {
              "title": "\"before each\" hook",
              "fullTitle": "Read Questionnaire \"before each\" hook",
              "timedOut": false,
              "duration": 16,
              "state": null,
              "speed": null,
              "pass": false,
              "fail": false,
              "pending": false,
              "context": null,
              "code": "await Questionnaire.deleteMany({});\nlet questionnaire = new Questionnaire(questionnaireData);\nid = questionnaire._id;\nawait questionnaire.save();",
              "err": {},
              "uuid": "457ede86-a7af-4901-b99d-7c0bc9d91940",
              "parentUUID": "25cf9a4d-c01d-4026-aa70-89a70041cf3a",
              "isHook": true,
              "skipped": false
            }
          ],
          "afterHooks": [],
          "tests": [],
          "suites": [
            {
              "uuid": "70cda694-e0ee-4c15-89df-1e9e0627795f",
              "title": "Listing questionnaires",
              "fullFile": "/bwa/test/assignment/readQuestionnaire.test.js",
              "file": "/test/assignment/readQuestionnaire.test.js",
              "beforeHooks": [],
              "afterHooks": [],
              "tests": [
                {
                  "title": "Admin should be able to list questionnaires.",
                  "fullTitle": "Read Questionnaire Listing questionnaires Admin should be able to list questionnaires.",
                  "timedOut": false,
                  "duration": 48,
                  "state": "passed",
                  "speed": "medium",
                  "pass": true,
                  "fail": false,
                  "pending": false,
                  "context": null,
                  "code": "//const rawData = fs.readFileSync(fPath + '/adminQuestionnaire.json', 'utf8');\nsendToServerList(200, adminUser, done);",
                  "err": {},
                  "uuid": "d53f9530-b866-450c-b0ad-cc1c3cec3f3a",
                  "parentUUID": "70cda694-e0ee-4c15-89df-1e9e0627795f",
                  "isHook": false,
                  "skipped": false
                },
                {
                  "title": "Teacher should be able to list questionnaires.",
                  "fullTitle": "Read Questionnaire Listing questionnaires Teacher should be able to list questionnaires.",
                  "timedOut": false,
                  "duration": 70,
                  "state": "passed",
                  "speed": "medium",
                  "pass": true,
                  "fail": false,
                  "pending": false,
                  "context": null,
                  "code": "//const rawData = fs.readFileSync(fPath + '/adminQuestionnaire.json', 'utf8');\nsendToServerList(200, teacherUser, done);",
                  "err": {},
                  "uuid": "4898849c-3c8c-4dda-a4ae-e2b7b582c9e0",
                  "parentUUID": "70cda694-e0ee-4c15-89df-1e9e0627795f",
                  "isHook": false,
                  "skipped": false
                },
                {
                  "title": "Student should NOT be able to list questionnaires.",
                  "fullTitle": "Read Questionnaire Listing questionnaires Student should NOT be able to list questionnaires.",
                  "timedOut": false,
                  "duration": 10,
                  "state": "passed",
                  "speed": "fast",
                  "pass": true,
                  "fail": false,
                  "pending": false,
                  "context": null,
                  "code": "//const rawData = fs.readFileSync(fPath + '/adminQuestionnaire.json', 'utf8');\nsendToServerList(302, studentUser, done);",
                  "err": {},
                  "uuid": "1c3613d7-30dc-4bb8-af06-0d4fc60f1fe4",
                  "parentUUID": "70cda694-e0ee-4c15-89df-1e9e0627795f",
                  "isHook": false,
                  "skipped": false
                },
                {
                  "title": "Non-logged-in user should NOT be able to list questionnaires.",
                  "fullTitle": "Read Questionnaire Listing questionnaires Non-logged-in user should NOT be able to list questionnaires.",
                  "timedOut": false,
                  "duration": 12,
                  "state": "passed",
                  "speed": "fast",
                  "pass": true,
                  "fail": false,
                  "pending": false,
                  "context": null,
                  "code": "//const rawData = fs.readFileSync(fPath + '/adminQuestionnaire.json', 'utf8');\nsendToServerList(302, unauthorizedUser, done);",
                  "err": {},
                  "uuid": "5ed6740e-711c-412a-90c0-0f46e9036ac9",
                  "parentUUID": "70cda694-e0ee-4c15-89df-1e9e0627795f",
                  "isHook": false,
                  "skipped": false
                }
              ],
              "suites": [],
              "passes": [
                "d53f9530-b866-450c-b0ad-cc1c3cec3f3a",
                "4898849c-3c8c-4dda-a4ae-e2b7b582c9e0",
                "1c3613d7-30dc-4bb8-af06-0d4fc60f1fe4",
                "5ed6740e-711c-412a-90c0-0f46e9036ac9"
              ],
              "failures": [],
              "pending": [],
              "skipped": [],
              "duration": 140,
              "root": false,
              "rootEmpty": false,
              "_timeout": 20000
            },
            {
              "uuid": "dd48c628-bcf5-46ac-aa25-9e83eff813b5",
              "title": "Showing questions",
              "fullFile": "/bwa/test/assignment/readQuestionnaire.test.js",
              "file": "/test/assignment/readQuestionnaire.test.js",
              "beforeHooks": [],
              "afterHooks": [],
              "tests": [
                {
                  "title": "Admin should be able to show questions.",
                  "fullTitle": "Read Questionnaire Showing questions Admin should be able to show questions.",
                  "timedOut": false,
                  "duration": 47,
                  "state": "passed",
                  "speed": "medium",
                  "pass": true,
                  "fail": false,
                  "pending": false,
                  "context": null,
                  "code": "//const rawData = fs.readFileSync(fPath + '/adminQuestionnaire.json', 'utf8');\nsendToServerShow(id, 200, adminUser, done);",
                  "err": {},
                  "uuid": "ce8f6489-c846-48fb-bac9-79513f9dca6e",
                  "parentUUID": "dd48c628-bcf5-46ac-aa25-9e83eff813b5",
                  "isHook": false,
                  "skipped": false
                },
                {
                  "title": "Teacher should be able to show questions.",
                  "fullTitle": "Read Questionnaire Showing questions Teacher should be able to show questions.",
                  "timedOut": false,
                  "duration": 43,
                  "state": "passed",
                  "speed": "medium",
                  "pass": true,
                  "fail": false,
                  "pending": false,
                  "context": null,
                  "code": "//const rawData = fs.readFileSync(fPath + '/adminQuestionnaire.json', 'utf8');\nsendToServerShow(id, 200, teacherUser, done);",
                  "err": {},
                  "uuid": "868d086c-5c7a-400f-ace2-e2c1d2cf5a16",
                  "parentUUID": "dd48c628-bcf5-46ac-aa25-9e83eff813b5",
                  "isHook": false,
                  "skipped": false
                },
                {
                  "title": "Student should NOT be able to show questions.",
                  "fullTitle": "Read Questionnaire Showing questions Student should NOT be able to show questions.",
                  "timedOut": false,
                  "duration": 8,
                  "state": "passed",
                  "speed": "fast",
                  "pass": true,
                  "fail": false,
                  "pending": false,
                  "context": null,
                  "code": "//const rawData = fs.readFileSync(fPath + '/adminQuestionnaire.json', 'utf8');\nsendToServerShow(id, 302, studentUser, done);",
                  "err": {},
                  "uuid": "e717b7fe-97db-4ae3-b906-aaf994617bef",
                  "parentUUID": "dd48c628-bcf5-46ac-aa25-9e83eff813b5",
                  "isHook": false,
                  "skipped": false
                },
                {
                  "title": "Non-logged-in user should NOT be able to show questions.",
                  "fullTitle": "Read Questionnaire Showing questions Non-logged-in user should NOT be able to show questions.",
                  "timedOut": false,
                  "duration": 6,
                  "state": "passed",
                  "speed": "fast",
                  "pass": true,
                  "fail": false,
                  "pending": false,
                  "context": null,
                  "code": "//const rawData = fs.readFileSync(fPath + '/adminQuestionnaire.json', 'utf8');\nsendToServerShow(id, 302, unauthorizedUser, done);",
                  "err": {},
                  "uuid": "d395fb04-8608-4f01-933c-293b596ca59e",
                  "parentUUID": "dd48c628-bcf5-46ac-aa25-9e83eff813b5",
                  "isHook": false,
                  "skipped": false
                }
              ],
              "suites": [],
              "passes": [
                "ce8f6489-c846-48fb-bac9-79513f9dca6e",
                "868d086c-5c7a-400f-ace2-e2c1d2cf5a16",
                "e717b7fe-97db-4ae3-b906-aaf994617bef",
                "d395fb04-8608-4f01-933c-293b596ca59e"
              ],
              "failures": [],
              "pending": [],
              "skipped": [],
              "duration": 104,
              "root": false,
              "rootEmpty": false,
              "_timeout": 20000
            }
          ],
          "passes": [],
          "failures": [],
          "pending": [],
          "skipped": [],
          "duration": 0,
          "root": false,
          "rootEmpty": false,
          "_timeout": 20000
        },
        {
          "uuid": "9b21a9c6-5f94-4089-a4c6-70fe3c7d6b50",
          "title": "Update Questionnaire",
          "fullFile": "/bwa/test/assignment/updateQuestionnaire.test.js",
          "file": "/test/assignment/updateQuestionnaire.test.js",
          "beforeHooks": [
            {
              "title": "\"before all\" hook",
              "fullTitle": "Update Questionnaire \"before all\" hook",
              "timedOut": false,
              "duration": 609,
              "state": null,
              "speed": null,
              "pass": false,
              "fail": false,
              "pending": false,
              "context": null,
              "code": "try {\n    await User.deleteMany({});\n    const admin = new User(adminData);\n    await admin.save();\n    const teacher = new User(teacherData);\n    await teacher.save();\n    const student = new User(studentData);\n    await student.save();\n}\ncatch (err) {\n  // eslint-disable-next-line no-console\n  console.log(err);\n  throw err;\n}",
              "err": {},
              "uuid": "960cb647-dd29-4a71-beb4-f29374f68a83",
              "parentUUID": "9b21a9c6-5f94-4089-a4c6-70fe3c7d6b50",
              "isHook": true,
              "skipped": false
            },
            {
              "title": "\"before all\" hook",
              "fullTitle": "Update Questionnaire \"before all\" hook",
              "timedOut": false,
              "duration": 228,
              "state": null,
              "speed": null,
              "pass": false,
              "fail": false,
              "pending": false,
              "context": null,
              "code": "adminUser\n    .post('/users/login')\n    .send(adminCredentials)\n    .end(function (err, response) {\n        if (err) return done(err);\n        expect(response.statusCode).to.equal(302);\n        expect('Location', '/users/me');\n        done();\n    });",
              "err": {},
              "uuid": "df611c2f-fd13-40aa-a7d5-180fda5562e9",
              "parentUUID": "9b21a9c6-5f94-4089-a4c6-70fe3c7d6b50",
              "isHook": true,
              "skipped": false
            },
            {
              "title": "\"before all\" hook",
              "fullTitle": "Update Questionnaire \"before all\" hook",
              "timedOut": false,
              "duration": 212,
              "state": null,
              "speed": null,
              "pass": false,
              "fail": false,
              "pending": false,
              "context": null,
              "code": "teacherUser\n    .post('/users/login')\n    .send(teacherCredentials)\n    .end(function (err, response) {\n        if (err) return done(err);\n        expect(response.statusCode).to.equal(302);\n        expect('Location', '/users/me');\n        done();\n    });",
              "err": {},
              "uuid": "f77361d0-4046-4b43-bf1b-418c32ffdac9",
              "parentUUID": "9b21a9c6-5f94-4089-a4c6-70fe3c7d6b50",
              "isHook": true,
              "skipped": false
            },
            {
              "title": "\"before all\" hook",
              "fullTitle": "Update Questionnaire \"before all\" hook",
              "timedOut": false,
              "duration": 208,
              "state": null,
              "speed": null,
              "pass": false,
              "fail": false,
              "pending": false,
              "context": null,
              "code": "studentUser\n    .post('/users/login')\n    .send(studentCredentials)\n    .end(function (err, response) {\n        if (err) return done(err);\n        expect(response.statusCode).to.equal(302);\n        expect('Location', '/users/me');\n        done();\n    });",
              "err": {},
              "uuid": "67689651-99c6-4498-95f1-1aad774737d5",
              "parentUUID": "9b21a9c6-5f94-4089-a4c6-70fe3c7d6b50",
              "isHook": true,
              "skipped": false
            },
            {
              "title": "\"before each\" hook",
              "fullTitle": "Update Questionnaire \"before each\" hook",
              "timedOut": false,
              "duration": 7,
              "state": null,
              "speed": null,
              "pass": false,
              "fail": false,
              "pending": false,
              "context": null,
              "code": "await Questionnaire.deleteMany({});\nlet questionnaire = new Questionnaire(questionnaireData);\nid = questionnaire._id;\nawait questionnaire.save();",
              "err": {},
              "uuid": "26658a9a-c08f-43a8-a52b-44511ccd4dd4",
              "parentUUID": "9b21a9c6-5f94-4089-a4c6-70fe3c7d6b50",
              "isHook": true,
              "skipped": false
            }
          ],
          "afterHooks": [],
          "tests": [],
          "suites": [
            {
              "uuid": "cf0cd9c8-e4fc-4d90-aa1e-9dd85631c53e",
              "title": "Questionnaire updating authorization",
              "fullFile": "/bwa/test/assignment/updateQuestionnaire.test.js",
              "file": "/test/assignment/updateQuestionnaire.test.js",
              "beforeHooks": [],
              "afterHooks": [],
              "tests": [
                {
                  "title": "must let an admin to edit questionnaires",
                  "fullTitle": "Update Questionnaire Questionnaire updating authorization must let an admin to edit questionnaires",
                  "timedOut": false,
                  "duration": 203,
                  "state": "passed",
                  "speed": "slow",
                  "pass": true,
                  "fail": false,
                  "pending": false,
                  "context": null,
                  "code": "const rawData = fs.readFileSync(fPath + '/adminQuestionnaire.json', 'utf8');\n        sendToServer(rawData, id, 200, 200, adminUser, done);",
                  "err": {},
                  "uuid": "079324aa-04b3-42a7-b5cc-a6feab63f25d",
                  "parentUUID": "cf0cd9c8-e4fc-4d90-aa1e-9dd85631c53e",
                  "isHook": false,
                  "skipped": false
                },
                {
                  "title": "must let a teacher to edit questionnaires",
                  "fullTitle": "Update Questionnaire Questionnaire updating authorization must let a teacher to edit questionnaires",
                  "timedOut": false,
                  "duration": 169,
                  "state": "passed",
                  "speed": "slow",
                  "pass": true,
                  "fail": false,
                  "pending": false,
                  "context": null,
                  "code": "const rawData = fs.readFileSync(fPath + '/teacherQuestionnaire.json', 'utf8');\n        sendToServer(rawData, id, 200, 200, teacherUser, done);",
                  "err": {},
                  "uuid": "8bad3709-31ef-49d7-a243-9e438856cedf",
                  "parentUUID": "cf0cd9c8-e4fc-4d90-aa1e-9dd85631c53e",
                  "isHook": false,
                  "skipped": false
                },
                {
                  "title": "must NOT let a student to edit questionnaires",
                  "fullTitle": "Update Questionnaire Questionnaire updating authorization must NOT let a student to edit questionnaires",
                  "timedOut": false,
                  "duration": 21,
                  "state": "passed",
                  "speed": "fast",
                  "pass": true,
                  "fail": false,
                  "pending": false,
                  "context": null,
                  "code": "const rawData = fs.readFileSync(fPath + '/studentQuestionnaire.json', 'utf8');\n        sendToServer(rawData, id, 302, 302, studentUser, done);",
                  "err": {},
                  "uuid": "65c8655c-890d-4775-9b29-713008e7cb25",
                  "parentUUID": "cf0cd9c8-e4fc-4d90-aa1e-9dd85631c53e",
                  "isHook": false,
                  "skipped": false
                },
                {
                  "title": "must NOT let a non-logged-in user to edit questionnaires",
                  "fullTitle": "Update Questionnaire Questionnaire updating authorization must NOT let a non-logged-in user to edit questionnaires",
                  "timedOut": false,
                  "duration": 13,
                  "state": "passed",
                  "speed": "fast",
                  "pass": true,
                  "fail": false,
                  "pending": false,
                  "context": null,
                  "code": "const rawData = fs.readFileSync(fPath + '/studentQuestionnaire.json', 'utf8');\n        sendToServer(rawData, id, 302, 302, unauthorizedUser, done);",
                  "err": {},
                  "uuid": "02613b96-fadf-460f-846f-de34fd4902c5",
                  "parentUUID": "cf0cd9c8-e4fc-4d90-aa1e-9dd85631c53e",
                  "isHook": false,
                  "skipped": false
                },
                {
                  "title": "must require a valid csrf token",
                  "fullTitle": "Update Questionnaire Questionnaire updating authorization must require a valid csrf token",
                  "timedOut": false,
                  "duration": 45,
                  "state": "passed",
                  "speed": "medium",
                  "pass": true,
                  "fail": false,
                  "pending": false,
                  "context": null,
                  "code": "const rawData = fs.readFileSync(fPath + '/adminQuestionnaire.json', 'utf8');\nconst csrfToken = '\" \"';\nconst data = rawData + csrfToken + ' }';\nadminUser.post('/questionnaires/edit/' + id)\n    .send(JSON.parse(data))\n    .end(function (err, res) {\n        if (err) return done(err);\n        expect(res.statusCode).to.equal(403);\n        done();\n    });",
                  "err": {},
                  "uuid": "22f16551-2cc5-4038-ac9b-896d623069bb",
                  "parentUUID": "cf0cd9c8-e4fc-4d90-aa1e-9dd85631c53e",
                  "isHook": false,
                  "skipped": false
                }
              ],
              "suites": [],
              "passes": [
                "079324aa-04b3-42a7-b5cc-a6feab63f25d",
                "8bad3709-31ef-49d7-a243-9e438856cedf",
                "65c8655c-890d-4775-9b29-713008e7cb25",
                "02613b96-fadf-460f-846f-de34fd4902c5",
                "22f16551-2cc5-4038-ac9b-896d623069bb"
              ],
              "failures": [],
              "pending": [],
              "skipped": [],
              "duration": 451,
              "root": false,
              "rootEmpty": false,
              "_timeout": 20000
            },
            {
              "uuid": "067646d3-35ca-4cc1-bdb4-d5f766a8531d",
              "title": "Questionnaire editing validation",
              "fullFile": "/bwa/test/assignment/updateQuestionnaire.test.js",
              "file": "/test/assignment/updateQuestionnaire.test.js",
              "beforeHooks": [],
              "afterHooks": [],
              "tests": [
                {
                  "title": "must be able to handle an empty questionnaire",
                  "fullTitle": "Update Questionnaire Questionnaire editing validation must be able to handle an empty questionnaire",
                  "timedOut": false,
                  "duration": 112,
                  "state": "passed",
                  "speed": "slow",
                  "pass": true,
                  "fail": false,
                  "pending": false,
                  "context": null,
                  "code": "const file = 'emptyQuestionnaire.json';\nvalidationSend(file, id, done);",
                  "err": {},
                  "uuid": "3fa46f5c-7e14-445c-8d0a-dca128be0394",
                  "parentUUID": "067646d3-35ca-4cc1-bdb4-d5f766a8531d",
                  "isHook": false,
                  "skipped": false
                },
                {
                  "title": "must be able to handle an empty title",
                  "fullTitle": "Update Questionnaire Questionnaire editing validation must be able to handle an empty title",
                  "timedOut": false,
                  "duration": 142,
                  "state": "passed",
                  "speed": "slow",
                  "pass": true,
                  "fail": false,
                  "pending": false,
                  "context": null,
                  "code": "const file = 'emptyTitle.json';\nvalidationSend(file, id, done);",
                  "err": {},
                  "uuid": "f5e4c026-e8fa-4e3c-bee4-44a8be898d06",
                  "parentUUID": "067646d3-35ca-4cc1-bdb4-d5f766a8531d",
                  "isHook": false,
                  "skipped": false
                },
                {
                  "title": "must be able to handle a too long title",
                  "fullTitle": "Update Questionnaire Questionnaire editing validation must be able to handle a too long title",
                  "timedOut": false,
                  "duration": 125,
                  "state": "passed",
                  "speed": "slow",
                  "pass": true,
                  "fail": false,
                  "pending": false,
                  "context": null,
                  "code": "const file = 'tooLongTitle.json';\nvalidationSend(file, id, done);",
                  "err": {},
                  "uuid": "8f2b48d6-99ec-47e0-8c61-057a9b34a6a2",
                  "parentUUID": "067646d3-35ca-4cc1-bdb4-d5f766a8531d",
                  "isHook": false,
                  "skipped": false
                },
                {
                  "title": "must be able to handle incorrect submissions number",
                  "fullTitle": "Update Questionnaire Questionnaire editing validation must be able to handle incorrect submissions number",
                  "timedOut": false,
                  "duration": 152,
                  "state": "passed",
                  "speed": "slow",
                  "pass": true,
                  "fail": false,
                  "pending": false,
                  "context": null,
                  "code": "const file = 'incorrectSubmissions.json';\nvalidationSend(file, id, done);",
                  "err": {},
                  "uuid": "6c5253ff-be25-42d0-895a-4e07996d791d",
                  "parentUUID": "067646d3-35ca-4cc1-bdb4-d5f766a8531d",
                  "isHook": false,
                  "skipped": false
                },
                {
                  "title": "must be able to handle a no questions situation",
                  "fullTitle": "Update Questionnaire Questionnaire editing validation must be able to handle a no questions situation",
                  "timedOut": false,
                  "duration": 106,
                  "state": "passed",
                  "speed": "slow",
                  "pass": true,
                  "fail": false,
                  "pending": false,
                  "context": null,
                  "code": "const file = 'noQuestions.json';\nvalidationSend(file, id, done);",
                  "err": {},
                  "uuid": "57da8482-0cad-40bc-9eed-1b3244118bbb",
                  "parentUUID": "067646d3-35ca-4cc1-bdb4-d5f766a8531d",
                  "isHook": false,
                  "skipped": false
                },
                {
                  "title": "must be able to handle a duplicate questions title",
                  "fullTitle": "Update Questionnaire Questionnaire editing validation must be able to handle a duplicate questions title",
                  "timedOut": false,
                  "duration": 110,
                  "state": "passed",
                  "speed": "slow",
                  "pass": true,
                  "fail": false,
                  "pending": false,
                  "context": null,
                  "code": "const file = 'duplicateQuestions.json';\nvalidationSend(file, id, done);",
                  "err": {},
                  "uuid": "c1847737-4a82-4a7f-ab37-308ef4968061",
                  "parentUUID": "067646d3-35ca-4cc1-bdb4-d5f766a8531d",
                  "isHook": false,
                  "skipped": false
                },
                {
                  "title": "must be able to handle a no options situation",
                  "fullTitle": "Update Questionnaire Questionnaire editing validation must be able to handle a no options situation",
                  "timedOut": false,
                  "duration": 102,
                  "state": "passed",
                  "speed": "slow",
                  "pass": true,
                  "fail": false,
                  "pending": false,
                  "context": null,
                  "code": "const file = 'noOptions.json';\nvalidationSend(file, id, done);",
                  "err": {},
                  "uuid": "7ac4c546-4a0f-4650-9e2d-7f227a28fe3a",
                  "parentUUID": "067646d3-35ca-4cc1-bdb4-d5f766a8531d",
                  "isHook": false,
                  "skipped": false
                },
                {
                  "title": "must be able to handle incorrect number of options",
                  "fullTitle": "Update Questionnaire Questionnaire editing validation must be able to handle incorrect number of options",
                  "timedOut": false,
                  "duration": 108,
                  "state": "passed",
                  "speed": "slow",
                  "pass": true,
                  "fail": false,
                  "pending": false,
                  "context": null,
                  "code": "const file = 'incorrectNumberOfOptions.json';\nvalidationSend(file, id, done);",
                  "err": {},
                  "uuid": "541ae2a1-b1b5-40fb-89c4-f95ff95291c4",
                  "parentUUID": "067646d3-35ca-4cc1-bdb4-d5f766a8531d",
                  "isHook": false,
                  "skipped": false
                },
                {
                  "title": "must be able to handle duplicate options",
                  "fullTitle": "Update Questionnaire Questionnaire editing validation must be able to handle duplicate options",
                  "timedOut": false,
                  "duration": 107,
                  "state": "passed",
                  "speed": "slow",
                  "pass": true,
                  "fail": false,
                  "pending": false,
                  "context": null,
                  "code": "const file = 'duplicateOptions.json';\nvalidationSend(file, id, done);",
                  "err": {},
                  "uuid": "08d7c7a4-9ae4-4729-b478-0f522c58960a",
                  "parentUUID": "067646d3-35ca-4cc1-bdb4-d5f766a8531d",
                  "isHook": false,
                  "skipped": false
                },
                {
                  "title": "must be able to handle \"true\" options missing",
                  "fullTitle": "Update Questionnaire Questionnaire editing validation must be able to handle \"true\" options missing",
                  "timedOut": false,
                  "duration": 165,
                  "state": "passed",
                  "speed": "slow",
                  "pass": true,
                  "fail": false,
                  "pending": false,
                  "context": null,
                  "code": "const file = 'trueOptionsMissing.json';\nvalidationSend(file, id, done);",
                  "err": {},
                  "uuid": "dbb89a9e-0a19-4d93-bfa2-2a32bdf12efa",
                  "parentUUID": "067646d3-35ca-4cc1-bdb4-d5f766a8531d",
                  "isHook": false,
                  "skipped": false
                },
                {
                  "title": "must be able to handle incorrect max points",
                  "fullTitle": "Update Questionnaire Questionnaire editing validation must be able to handle incorrect max points",
                  "timedOut": false,
                  "duration": 159,
                  "state": "passed",
                  "speed": "slow",
                  "pass": true,
                  "fail": false,
                  "pending": false,
                  "context": null,
                  "code": "const file = 'incorrectMaxPoints.json';\nvalidationSend(file, id, done);",
                  "err": {},
                  "uuid": "98ab1909-c56e-4cb9-9f2b-f37b06f9b73b",
                  "parentUUID": "067646d3-35ca-4cc1-bdb4-d5f766a8531d",
                  "isHook": false,
                  "skipped": false
                },
                {
                  "title": "must be able to handle xss",
                  "fullTitle": "Update Questionnaire Questionnaire editing validation must be able to handle xss",
                  "timedOut": false,
                  "duration": 110,
                  "state": "passed",
                  "speed": "slow",
                  "pass": true,
                  "fail": false,
                  "pending": false,
                  "context": null,
                  "code": "const file = 'xss.json';\nvalidationSendMore(file, id, 200, 200, done);",
                  "err": {},
                  "uuid": "90c70020-6295-4ce2-8852-edc5c0dbbcb3",
                  "parentUUID": "067646d3-35ca-4cc1-bdb4-d5f766a8531d",
                  "isHook": false,
                  "skipped": false
                }
              ],
              "suites": [],
              "passes": [
                "3fa46f5c-7e14-445c-8d0a-dca128be0394",
                "f5e4c026-e8fa-4e3c-bee4-44a8be898d06",
                "8f2b48d6-99ec-47e0-8c61-057a9b34a6a2",
                "6c5253ff-be25-42d0-895a-4e07996d791d",
                "57da8482-0cad-40bc-9eed-1b3244118bbb",
                "c1847737-4a82-4a7f-ab37-308ef4968061",
                "7ac4c546-4a0f-4650-9e2d-7f227a28fe3a",
                "541ae2a1-b1b5-40fb-89c4-f95ff95291c4",
                "08d7c7a4-9ae4-4729-b478-0f522c58960a",
                "dbb89a9e-0a19-4d93-bfa2-2a32bdf12efa",
                "98ab1909-c56e-4cb9-9f2b-f37b06f9b73b",
                "90c70020-6295-4ce2-8852-edc5c0dbbcb3"
              ],
              "failures": [],
              "pending": [],
              "skipped": [],
              "duration": 1498,
              "root": false,
              "rootEmpty": false,
              "_timeout": 20000
            }
          ],
          "passes": [],
          "failures": [],
          "pending": [],
          "skipped": [],
          "duration": 0,
          "root": false,
          "rootEmpty": false,
          "_timeout": 20000
        },
        {
          "uuid": "30f33aa3-e3d9-4bd7-af3c-8fa349250b6e",
          "title": "Game reply: A+ protocol",
          "fullFile": "/bwa/test/integration/hello.reply.test.js",
          "file": "/test/integration/hello.reply.test.js",
          "beforeHooks": [
            {
              "title": "\"before each\" hook",
              "fullTitle": "Game reply: A+ protocol \"before each\" hook",
              "timedOut": false,
              "duration": 474,
              "state": null,
              "speed": null,
              "pass": false,
              "fail": false,
              "pending": false,
              "context": null,
              "code": "server = http.createServer(app).listen(port);\nBrowser.localhost('bwa', port);\nbrowser = new Browser();\n// console.log('A+ protocol defined in https://github.com/Aalto-LeTech/a-plus/blob/master/doc/GRADERS.md');\nawait auth(browser);\nawait browser.visit('/');\nawait browser.pressButton('#grade');",
              "err": {},
              "uuid": "144544ef-31bd-425f-bb3d-7ff4f0c811a3",
              "parentUUID": "30f33aa3-e3d9-4bd7-af3c-8fa349250b6e",
              "isHook": true,
              "skipped": false
            }
          ],
          "afterHooks": [
            {
              "title": "\"after each\" hook",
              "fullTitle": "Game reply: A+ protocol \"after each\" hook",
              "timedOut": false,
              "duration": 1,
              "state": null,
              "speed": null,
              "pass": false,
              "fail": false,
              "pending": false,
              "context": null,
              "code": "server.close();",
              "err": {},
              "uuid": "1fabda4c-2b53-43cd-82e1-a1614414b886",
              "parentUUID": "30f33aa3-e3d9-4bd7-af3c-8fa349250b6e",
              "isHook": true,
              "skipped": false
            }
          ],
          "tests": [
            {
              "title": "must have meta field \"status\" in head",
              "fullTitle": "Game reply: A+ protocol must have meta field \"status\" in head",
              "timedOut": false,
              "duration": 2,
              "state": "passed",
              "speed": "fast",
              "pass": true,
              "fail": false,
              "pending": false,
              "context": null,
              "code": "assert.equal(\n    browser.document.head.querySelectorAll('[name=status]').length,\n    1\n);",
              "err": {},
              "uuid": "65e09bf7-2080-45b9-bb1a-d30fec75bd84",
              "parentUUID": "30f33aa3-e3d9-4bd7-af3c-8fa349250b6e",
              "isHook": false,
              "skipped": false
            },
            {
              "title": "should have meta field \"max_points\" in head",
              "fullTitle": "Game reply: A+ protocol should have meta field \"max_points\" in head",
              "timedOut": false,
              "duration": 1,
              "state": "passed",
              "speed": "fast",
              "pass": true,
              "fail": false,
              "pending": false,
              "context": null,
[...]
            },
            {
              "uuid": "33a5ef05-2e4e-43c6-8d13-440e82445fc3",
              "title": "User document",
              "fullFile": "/bwa/test/models/user.test.js",
              "file": "/test/models/user.test.js",
              "beforeHooks": [],
              "afterHooks": [],
              "tests": [],
              "suites": [
                {
                  "uuid": "2887552f-7173-47c5-8ea5-ca38cdf17e3a",
                  "title": "virtual getters/properties",
                  "fullFile": "/bwa/test/models/user.test.js",
                  "file": "/test/models/user.test.js",
                  "beforeHooks": [],
                  "afterHooks": [],
                  "tests": [],
                  "suites": [
                    {
                      "uuid": "67fcccf8-197a-41ca-9df1-70a9b4cfdfd3",
                      "title": "isStudent",
                      "fullFile": "/bwa/test/models/user.test.js",
                      "file": "/test/models/user.test.js",
                      "beforeHooks": [],
                      "afterHooks": [],
                      "tests": [
                        {
                          "title": "must return true when role is a student",
                          "fullTitle": "User User document virtual getters/properties isStudent must return true when role is a student",
                          "timedOut": false,
                          "duration": 197,
                          "state": "passed",
                          "speed": "slow",
                          "pass": true,
                          "fail": false,
                          "pending": false,
                          "context": null,
                          "code": "const testUser = new User({\n    name: testName,\n    email: testEmail4,\n    password: '1234567890',\n    role: 'student'\n});\nconst ret = testUser.isStudent;\nassert(ret, 'must return true for a student role');",
                          "err": {},
                          "uuid": "e033882f-66b3-4709-8353-11af58abc800",
                          "parentUUID": "67fcccf8-197a-41ca-9df1-70a9b4cfdfd3",
                          "isHook": false,
                          "skipped": false
                        },
                        {
                          "title": "must return true when \"role\" is admin",
                          "fullTitle": "User User document virtual getters/properties isStudent must return true when \"role\" is admin",
                          "timedOut": false,
                          "duration": 195,
                          "state": "passed",
                          "speed": "slow",
                          "pass": true,
                          "fail": false,
                          "pending": false,
                          "context": null,
                          "code": "const testUser = new User({\n    name: testName,\n    email: testEmail4,\n    password: '1234567890',\n    role: 'admin'\n});\nconst ret = testUser.isStudent;\nassert(ret, 'must return true for an admin role');",
                          "err": {},
                          "uuid": "6b643dad-c886-4d42-bf5a-dd444a6d90d8",
                          "parentUUID": "67fcccf8-197a-41ca-9df1-70a9b4cfdfd3",
                          "isHook": false,
                          "skipped": false
                        },
                        {
                          "title": "must return false when a role is neither student nor admin",
                          "fullTitle": "User User document virtual getters/properties isStudent must return false when a role is neither student nor admin",
                          "timedOut": false,
                          "duration": 195,
                          "state": "passed",
                          "speed": "slow",
                          "pass": true,
                          "fail": false,
                          "pending": false,
                          "context": null,
                          "code": "const testUser = new User({\n    name: testName,\n    email: testEmail4,\n    password: '1234567890',\n    role: 'teacher'\n});\nconst ret = testUser.isStudent;\nassert(!ret, 'must return false when a role is neither student nor admin');",
                          "err": {},
                          "uuid": "dc03b9b8-e3dd-40cc-87c9-7c2a39235974",
                          "parentUUID": "67fcccf8-197a-41ca-9df1-70a9b4cfdfd3",
                          "isHook": false,
                          "skipped": false
                        }
                      ],
                      "suites": [],
                      "passes": [
                        "e033882f-66b3-4709-8353-11af58abc800",
                        "6b643dad-c886-4d42-bf5a-dd444a6d90d8",
                        "dc03b9b8-e3dd-40cc-87c9-7c2a39235974"
                      ],
                      "failures": [],
                      "pending": [],
                      "skipped": [],
                      "duration": 587,
                      "root": false,
                      "rootEmpty": false,
                      "_timeout": 20000
                    },
                    {
                      "uuid": "73712280-6132-4c4d-ac7a-700dcde1c0c2",
                      "title": "isTeacher",
                      "fullFile": "/bwa/test/models/user.test.js",
                      "file": "/test/models/user.test.js",
                      "beforeHooks": [],
                      "afterHooks": [],
                      "tests": [
                        {
                          "title": "must return true when role is a teacher",
                          "fullTitle": "User User document virtual getters/properties isTeacher must return true when role is a teacher",
                          "timedOut": false,
                          "duration": 196,
                          "state": "passed",
                          "speed": "slow",
                          "pass": true,
                          "fail": false,
                          "pending": false,
                          "context": null,
                          "code": "const testUser = new User({\n    name: testName,\n    email: testEmail4,\n    password: '1234567890',\n    role: 'teacher'\n});\nconst ret = testUser.isTeacher;\nassert(ret, 'must return true for a teacher role');",
                          "err": {},
                          "uuid": "b82e55bd-cc1b-46d7-99f2-2d4595b09775",
                          "parentUUID": "73712280-6132-4c4d-ac7a-700dcde1c0c2",
                          "isHook": false,
                          "skipped": false
                        },
                        {
                          "title": "must return true when role is an admin",
                          "fullTitle": "User User document virtual getters/properties isTeacher must return true when role is an admin",
                          "timedOut": false,
                          "duration": 195,
                          "state": "passed",
                          "speed": "slow",
                          "pass": true,
                          "fail": false,
                          "pending": false,
                          "context": null,
                          "code": "const testUser = new User({\n    name: testName,\n    email: testEmail4,\n    password: '1234567890',\n    role: 'admin'\n});\nconst ret = testUser.isTeacher;\nassert(ret, 'must return true for an admin role');",
                          "err": {},
                          "uuid": "5901d764-bac1-42b2-86e7-7caa1a2dc9de",
                          "parentUUID": "73712280-6132-4c4d-ac7a-700dcde1c0c2",
                          "isHook": false,
                          "skipped": false
                        },
                        {
                          "title": "must return false when role is neither teacher nor admin",
                          "fullTitle": "User User document virtual getters/properties isTeacher must return false when role is neither teacher nor admin",
                          "timedOut": false,
                          "duration": 198,
                          "state": "passed",
                          "speed": "slow",
                          "pass": true,
                          "fail": false,
                          "pending": false,
                          "context": null,
                          "code": "const testUser = new User({\n    name: testName,\n    email: testEmail4,\n    password: '1234567890',\n    role: 'student'\n});\nconst ret = testUser.isTeacher;\nassert(!ret, 'must return false when a role is neither teacher nor admin');",
                          "err": {},
                          "uuid": "407b5fbd-10ea-4836-a05a-19262beef28a",
                          "parentUUID": "73712280-6132-4c4d-ac7a-700dcde1c0c2",
                          "isHook": false,
                          "skipped": false
                        }
                      ],
                      "suites": [],
                      "passes": [
                        "b82e55bd-cc1b-46d7-99f2-2d4595b09775",
                        "5901d764-bac1-42b2-86e7-7caa1a2dc9de",
                        "407b5fbd-10ea-4836-a05a-19262beef28a"
                      ],
                      "failures": [],
                      "pending": [],
                      "skipped": [],
                      "duration": 589,
                      "root": false,
                      "rootEmpty": false,
                      "_timeout": 20000
                    },
                    {
                      "uuid": "1553bbf0-2564-4811-bf35-7811481f4ce7",
                      "title": "isAdmin",
                      "fullFile": "/bwa/test/models/user.test.js",
                      "file": "/test/models/user.test.js",
                      "beforeHooks": [],
                      "afterHooks": [],
                      "tests": [
                        {
                          "title": "must return true when role is an admin",
                          "fullTitle": "User User document virtual getters/properties isAdmin must return true when role is an admin",
                          "timedOut": false,
                          "duration": 194,
                          "state": "passed",
                          "speed": "slow",
                          "pass": true,
                          "fail": false,
                          "pending": false,
                          "context": null,
                          "code": "const testUser = new User({\n    name: testName,\n    email: testEmail4,\n    password: '1234567890',\n    role: 'admin'\n});\nconst ret = testUser.isAdmin;\nassert(ret, 'must return true for a teacher role');",
                          "err": {},
                          "uuid": "f0532297-1355-4e6b-b260-d855bc80235f",
                          "parentUUID": "1553bbf0-2564-4811-bf35-7811481f4ce7",
                          "isHook": false,
                          "skipped": false
                        },
                        {
                          "title": "must return false when the role is not an admin",
                          "fullTitle": "User User document virtual getters/properties isAdmin must return false when the role is not an admin",
                          "timedOut": false,
                          "duration": 193,
                          "state": "passed",
                          "speed": "slow",
                          "pass": true,
                          "fail": false,
                          "pending": false,
                          "context": null,
                          "code": "const testUser = new User({\n    name: testName,\n    email: testEmail4,\n    password: '1234567890',\n    role: 'teacher'\n});\nconst ret = testUser.isAdmin;\nassert(!ret, 'must return false when the role is not an admin');",
                          "err": {},
                          "uuid": "9e00891c-d005-4b01-8ccb-eafc9f01beb1",
                          "parentUUID": "1553bbf0-2564-4811-bf35-7811481f4ce7",
                          "isHook": false,
                          "skipped": false
                        }
                      ],
                      "suites": [],
                      "passes": [
                        "f0532297-1355-4e6b-b260-d855bc80235f",
                        "9e00891c-d005-4b01-8ccb-eafc9f01beb1"
                      ],
                      "failures": [],
                      "pending": [],
                      "skipped": [],
                      "duration": 387,
                      "root": false,
                      "rootEmpty": false,
                      "_timeout": 20000
                    }
                  ],
                  "passes": [],
                  "failures": [],
                  "pending": [],
                  "skipped": [],
                  "duration": 0,
                  "root": false,
                  "rootEmpty": false,
                  "_timeout": 20000
                },
                {
                  "uuid": "45c74fcb-9cba-42fa-83e3-bc06637a9403",
                  "title": "Password setter and hashing",
                  "fullFile": "/bwa/test/models/user.test.js",
                  "file": "/test/models/user.test.js",
                  "beforeHooks": [],
                  "afterHooks": [],
                  "tests": [
                    {
                      "title": "must hash \"password\" when new User is constructed",
                      "fullTitle": "User User document Password setter and hashing must hash \"password\" when new User is constructed",
                      "timedOut": false,
                      "duration": 208,
                      "state": "passed",
                      "speed": "slow",
                      "pass": true,
                      "fail": false,
                      "pending": false,
                      "context": null,
                      "code": "const password = '1234567890';\nconst testUser = new User({\n    name: testName,\n    email: testEmail4,\n    password: password,\n    role: 'teacher'\n});\nassert(testUser.password !== password, 'The password must be hashed');\nconst filename = 'models/user.js';\nconst lines = require('fs').readFileSync(filename, 'utf-8').split('\\n').filter(Boolean);\nconst usesBcrypt = lines.some(function(line) {\n    return line.includes('bcrypt');\n});\nassert(usesBcrypt, 'bcrypt must be used');",
                      "err": {},
                      "uuid": "3e60fa2a-d342-4f15-a5a3-a3738472453d",
                      "parentUUID": "45c74fcb-9cba-42fa-83e3-bc06637a9403",
                      "isHook": false,
                      "skipped": false
                    },
                    {
                      "title": "must hash \"password\" when set to a new value",
                      "fullTitle": "User User document Password setter and hashing must hash \"password\" when set to a new value",
                      "timedOut": false,
                      "duration": 405,
                      "state": "passed",
                      "speed": "slow",
                      "pass": true,
                      "fail": false,
                      "pending": false,
                      "context": null,
                      "code": "const password = '1234567890';\nconst testUser = new User({\n    name: testName,\n    email: testEmail4,\n    password: password,\n    role: 'teacher'\n});\nconst password2 = 'heippaMaailma';\ntestUser.password = password2;\nassert(testUser.password !== password2, 'The password must be hashed');",
                      "err": {},
                      "uuid": "81da77ee-8971-412c-86b4-9f3bd004117f",
                      "parentUUID": "45c74fcb-9cba-42fa-83e3-bc06637a9403",
                      "isHook": false,
                      "skipped": false
                    },
                    {
                      "title": "must detect correct \"password\"",
                      "fullTitle": "User User document Password setter and hashing must detect correct \"password\"",
                      "timedOut": false,
                      "duration": 391,
                      "state": "passed",
                      "speed": "slow",
                      "pass": true,
                      "fail": false,
                      "pending": false,
                      "context": null,
                      "code": "const password = '1234567890';\nconst testUser = new User({\n    name: testName,\n    email: testEmail4,\n    password: password,\n    role: 'teacher'\n});\nconst ret = await testUser.checkPassword(password);\nassert(ret && password !== testUser.password, 'must return the set password');",
                      "err": {},
                      "uuid": "17d1fee8-1a56-415c-96c7-1dcf97beb35a",
                      "parentUUID": "45c74fcb-9cba-42fa-83e3-bc06637a9403",
                      "isHook": false,
                      "skipped": false
                    },
                    {
                      "title": "must detect a false \"password\"",
                      "fullTitle": "User User document Password setter and hashing must detect a false \"password\"",
                      "timedOut": false,
                      "duration": 385,
                      "state": "passed",
                      "speed": "slow",
                      "pass": true,
                      "fail": false,
                      "pending": false,
                      "context": null,
                      "code": "const password = '1234567890';\nconst testUser = new User({\n    name: testName,\n    email: testEmail4,\n    password: password,\n    role: 'teacher'\n});\nconst ret = await testUser.checkPassword('simsalabim');\nassert(!ret, 'must detect a false password');",
                      "err": {},
                      "uuid": "b35aace7-a255-4314-b747-3ba777be4f3b",
                      "parentUUID": "45c74fcb-9cba-42fa-83e3-bc06637a9403",
                      "isHook": false,
                      "skipped": false
                    }
                  ],
                  "suites": [],
                  "passes": [
                    "3e60fa2a-d342-4f15-a5a3-a3738472453d",
                    "81da77ee-8971-412c-86b4-9f3bd004117f",
                    "17d1fee8-1a56-415c-96c7-1dcf97beb35a",
                    "b35aace7-a255-4314-b747-3ba777be4f3b"
                  ],
                  "failures": [],
                  "pending": [],
                  "skipped": [],
                  "duration": 1389,
                  "root": false,
                  "rootEmpty": false,
                  "_timeout": 20000
                }
              ],
              "passes": [],
              "failures": [],
              "pending": [],
              "skipped": [],
              "duration": 0,
              "root": false,
              "rootEmpty": false,
              "_timeout": 20000
            }
          ],
          "passes": [],
          "failures": [],
          "pending": [],
          "skipped": [],
          "duration": 0,
          "root": false,
          "rootEmpty": false,
          "_timeout": 20000
        }
      ],
      "passes": [],
      "failures": [],
      "pending": [],
      "skipped": [],
      "duration": 0,
      "root": true,
      "rootEmpty": true,
      "_timeout": 20000
    }
  ],
  "meta": {
    "mocha": {
      "version": "6.2.2"
    },
    "mochawesome": {
      "options": {
        "quiet": false,
        "reportFilename": "mochawesome",
        "saveHtml": true,
        "saveJson": true,
        "consoleReporter": "spec",
        "useInlineDiffs": true
      },
      "version": "4.1.0"
    },
    "marge": {
      "options": null,
      "version": "4.0.1"
    }
  }
}