TN:
SF:/bwa/app.js
FN:33,(anonymous_0)
FN:41,(anonymous_1)
FN:95,(anonymous_2)
FN:115,(anonymous_3)
FN:134,(anonymous_4)
FN:139,(anonymous_5)
FNF:6
FNH:5
FNDA:1,(anonymous_0)
FNDA:0,(anonymous_1)
FNDA:156,(anonymous_2)
FNDA:156,(anonymous_3)
FNDA:1,(anonymous_4)
FNDA:2,(anonymous_5)
DA:3,1
DA:4,1
DA:5,1
DA:6,1
DA:7,1
DA:8,1
DA:9,1
DA:10,1
DA:11,1
DA:12,1
DA:13,1
DA:14,1
DA:15,1
DA:20,1
DA:22,1
DA:23,1
DA:24,1
DA:28,1
DA:29,1
DA:33,1
DA:34,1
DA:37,1
DA:38,0
DA:41,0
DA:42,0
DA:48,1
DA:51,1
DA:54,1
DA:66,1
DA:69,1
DA:71,1
DA:79,1
DA:80,1
DA:84,1
DA:85,1
DA:88,1
DA:91,1
DA:92,1
DA:93,1
DA:95,1
DA:97,156
DA:98,156
DA:99,156
DA:100,156
DA:102,156
DA:103,63
DA:104,63
DA:105,63
DA:106,63
DA:107,63
DA:110,156
DA:114,1
DA:115,1
DA:117,156
DA:118,156
DA:119,156
DA:120,156
DA:121,156
DA:124,1
DA:125,1
DA:129,1
DA:130,1
DA:134,1
DA:135,1
DA:139,1
DA:141,2
DA:142,2
DA:144,2
DA:145,2
DA:148,2
DA:149,2
DA:151,0
DA:157,1
LF:73
LH:69
BRDA:37,0,0,0
BRDA:37,0,1,1
BRDA:76,1,0,0
BRDA:76,1,1,1
BRDA:102,2,0,63
BRDA:102,2,1,93
BRDA:143,3,0,0
BRDA:143,3,1,2
BRDA:144,4,0,2
BRDA:144,4,1,0
BRDA:148,5,0,2
BRDA:148,5,1,0
BRDA:149,6,0,2
BRDA:149,6,1,0
BRF:14
BRH:8
end_of_record
TN:
SF:/bwa/router.js
FN:11,(anonymous_0)
FNF:1
FNH:1
FNDA:1,(anonymous_0)
DA:4,1
DA:5,1
DA:6,1
DA:7,1
DA:8,1
DA:11,1
DA:12,1
DA:13,1
DA:14,1
DA:15,1
DA:16,1
LF:11
LH:11
BRF:0
BRH:0
end_of_record
TN:
SF:/bwa/controllers/game.js
FN:11,(anonymous_0)
FN:23,(anonymous_1)
FN:40,(anonymous_2)
FNF:3
FNH:0
FNDA:0,(anonymous_0)
FNDA:0,(anonymous_1)
FNDA:0,(anonymous_2)
DA:3,1
DA:5,1
DA:12,0
DA:16,0
DA:25,0
DA:29,0
DA:31,0
DA:42,0
DA:43,0
DA:44,0
DA:45,0
LF:11
LH:2
BRF:0
BRH:0
end_of_record
TN:
SF:/bwa/controllers/hello.js
FN:11,(anonymous_0)
FN:22,(anonymous_1)
FNF:2
FNH:2
FNDA:24,(anonymous_0)
FNDA:6,(anonymous_1)
DA:3,1
DA:5,1
DA:13,24
DA:23,6
DA:24,6
DA:25,6
LF:6
LH:6
BRF:0
BRH:0
end_of_record
TN:
SF:/bwa/controllers/questionnaire.js
FN:15,(anonymous_0)
FN:31,(anonymous_1)
FN:46,(anonymous_2)
FN:57,(anonymous_3)
FN:152,(anonymous_4)
FN:189,(anonymous_5)
FN:332,(anonymous_6)
FN:362,(anonymous_7)
FN:383,appendErrorneousQuestions
FN:407,filterXSS
FN:441,parseQuestionnaireFormData
FN:549,isDuplicateQuestions
FN:562,isDuplicateOptions
FNF:13
FNH:7
FNDA:0,(anonymous_0)
FNDA:0,(anonymous_1)
FNDA:0,(anonymous_2)
FNDA:0,(anonymous_3)
FNDA:14,(anonymous_4)
FNDA:14,(anonymous_5)
FNDA:0,(anonymous_6)
FNDA:0,(anonymous_7)
FNDA:8,appendErrorneousQuestions
FNDA:14,filterXSS
FNDA:14,parseQuestionnaireFormData
FNDA:5,isDuplicateQuestions
FNDA:4,isDuplicateOptions
DA:3,1
DA:4,1
DA:6,1
DA:16,0
DA:20,0
DA:32,0
DA:35,0
DA:47,0
DA:58,0
DA:59,0
DA:60,0
DA:62,0
DA:63,0
DA:66,0
DA:68,0
DA:70,0
DA:72,0
DA:74,0
DA:77,0
DA:80,0
DA:81,0
DA:82,0
DA:84,0
DA:86,0
DA:88,0
DA:90,0
DA:92,0
DA:95,0
DA:98,0
DA:99,0
DA:101,0
DA:105,0
DA:106,0
DA:109,0
DA:111,0
DA:115,0
DA:116,0
DA:120,0
DA:121,0
DA:123,0
DA:125,0
DA:126,0
DA:130,0
DA:133,0
DA:135,0
DA:141,0
DA:153,14
DA:154,14
DA:158,14
DA:160,0
DA:162,0
DA:169,0
DA:172,14
DA:173,14
DA:175,14
DA:177,14
DA:178,14
DA:191,14
DA:192,14
DA:197,14
DA:199,0
DA:201,0
DA:207,0
DA:210,14
DA:211,14
DA:213,14
DA:215,14
DA:216,14
DA:218,14
DA:219,0
DA:222,14
DA:224,14
DA:226,14
DA:228,1
DA:230,1
DA:231,1
DA:232,1
DA:233,1
DA:236,13
DA:238,13
DA:239,13
DA:240,13
DA:244,13
DA:245,13
DA:246,13
DA:247,13
DA:250,13
DA:251,13
DA:253,13
DA:257,13
DA:259,8
DA:260,8
DA:262,8
DA:264,8
DA:265,8
DA:270,5
DA:272,1
DA:274,1
DA:276,1
DA:277,1
DA:281,4
DA:282,4
DA:284,1
DA:286,1
DA:288,1
DA:289,1
DA:294,3
DA:296,1
DA:297,1
DA:299,0
DA:302,0
DA:304,0
DA:305,0
DA:310,3
DA:313,3
DA:315,3
DA:321,3
DA:333,0
DA:337,0
DA:339,0
DA:341,0
DA:347,0
DA:351,0
DA:363,0
DA:367,0
DA:370,0
DA:372,0
DA:377,0
DA:378,0
DA:379,0
DA:384,8
DA:385,8
DA:386,7
DA:387,42
DA:388,2
DA:389,2
DA:391,0
DA:394,40
DA:395,5
DA:400,8
DA:401,2
DA:404,8
DA:408,14
DA:410,14
DA:411,13
DA:412,255
DA:413,255
DA:415,255
DA:416,0
DA:419,255
DA:423,13
DA:424,13
DA:427,13
DA:428,11
DA:431,13
DA:432,13
DA:434,13
DA:437,1
DA:509,14
DA:515,14
DA:516,14
DA:518,14
DA:519,13
DA:521,13
DA:522,255
DA:526,13
DA:534,13
DA:535,11
DA:538,13
DA:539,13
DA:540,13
DA:542,13
DA:545,1
DA:550,5
DA:551,5
DA:552,1
DA:554,1
DA:559,4
DA:563,4
DA:564,74
DA:565,1194
DA:567,1
DA:572,3
LF:183
LH:114
BRDA:62,0,0,0
BRDA:62,0,1,0
BRDA:70,1,0,0
BRDA:70,1,1,0
BRDA:86,2,0,0
BRDA:86,2,1,0
BRDA:99,3,0,0
BRDA:99,3,1,0
BRDA:109,4,0,0
BRDA:109,4,1,0
BRDA:121,5,0,0
BRDA:121,5,1,0
BRDA:158,6,0,0
BRDA:158,6,1,14
BRDA:197,7,0,0
BRDA:197,7,1,14
BRDA:218,8,0,0
BRDA:218,8,1,14
BRDA:226,9,0,1
BRDA:226,9,1,13
BRDA:257,10,0,8
BRDA:257,10,1,5
BRDA:270,11,0,1
BRDA:270,11,1,4
BRDA:282,12,0,1
BRDA:282,12,1,3
BRDA:294,13,0,1
BRDA:294,13,1,2
BRDA:297,14,0,0
BRDA:297,14,1,1
BRDA:337,15,0,0
BRDA:337,15,1,0
BRDA:387,16,0,2
BRDA:387,16,1,40
BRDA:388,17,0,2
BRDA:388,17,1,0
BRDA:394,18,0,5
BRDA:394,18,1,35
BRDA:394,19,0,40
BRDA:394,19,1,35
BRDA:400,20,0,2
BRDA:400,20,1,6
BRDA:415,21,0,0
BRDA:415,21,1,255
BRDA:427,22,0,11
BRDA:427,22,1,2
BRDA:534,23,0,11
BRDA:534,23,1,2
BRDA:552,24,0,1
BRDA:552,24,1,0
BRDA:565,25,0,1
BRDA:565,25,1,1193
BRF:52
BRH:31
end_of_record
TN:
SF:/bwa/controllers/user.js
FN:13,(anonymous_0)
FN:26,(anonymous_1)
FN:45,(anonymous_2)
FN:63,(anonymous_3)
FN:120,(anonymous_4)
FN:158,(anonymous_5)
FN:190,(anonymous_6)
FN:220,(anonymous_7)
FN:239,(anonymous_8)
FN:251,(anonymous_9)
FN:264,(anonymous_10)
FN:332,(anonymous_11)
FN:342,(anonymous_12)
FN:353,(anonymous_13)
FNF:14
FNH:2
FNDA:0,(anonymous_0)
FNDA:0,(anonymous_1)
FNDA:0,(anonymous_2)
FNDA:10,(anonymous_3)
FNDA:0,(anonymous_4)
FNDA:0,(anonymous_5)
FNDA:0,(anonymous_6)
FNDA:0,(anonymous_7)
FNDA:0,(anonymous_8)
FNDA:0,(anonymous_9)
FNDA:0,(anonymous_10)
FNDA:17,(anonymous_11)
FNDA:0,(anonymous_12)
FNDA:0,(anonymous_13)
DA:4,1
DA:6,1
DA:14,0
DA:18,0
DA:27,0
DA:29,0
DA:30,0
DA:34,0
DA:37,0
DA:46,0
DA:48,0
DA:49,0
DA:52,0
DA:64,10
DA:69,10
DA:71,10
DA:72,6
DA:73,0
DA:76,6
DA:83,4
DA:85,4
DA:87,1
DA:89,1
DA:90,0
DA:95,1
DA:102,3
DA:103,3
DA:104,3
DA:105,3
DA:107,3
DA:108,3
DA:112,3
DA:121,0
DA:122,0
DA:126,0
DA:129,0
DA:131,0
DA:132,0
DA:133,0
DA:136,0
DA:138,0
DA:139,0
DA:143,0
DA:146,0
DA:147,0
DA:149,0
DA:150,0
DA:159,0
DA:160,0
DA:164,0
DA:167,0
DA:168,0
DA:170,0
DA:171,0
DA:175,0
DA:178,0
DA:191,0
DA:192,0
DA:196,0
DA:199,0
DA:201,0
DA:202,0
DA:206,0
DA:209,0
DA:221,0
DA:222,0
DA:226,0
DA:229,0
DA:230,0
DA:231,0
DA:240,0
DA:252,0
DA:265,0
DA:270,0
DA:272,0
DA:273,0
DA:274,0
DA:279,0
DA:288,0
DA:290,0
DA:291,0
DA:292,0
DA:295,0
DA:297,0
DA:299,0
DA:301,0
DA:303,0
DA:304,0
DA:309,0
DA:310,0
DA:314,0
DA:315,0
DA:316,0
DA:317,0
DA:319,0
DA:324,0
DA:333,17
DA:343,0
DA:344,0
DA:345,0
DA:354,0
LF:101
LH:20
BRDA:29,0,0,0
BRDA:29,0,1,0
BRDA:48,1,0,0
BRDA:48,1,1,0
BRDA:71,2,0,6
BRDA:71,2,1,4
BRDA:72,3,0,0
BRDA:72,3,1,6
BRDA:85,4,0,1
BRDA:85,4,1,3
BRDA:89,5,0,0
BRDA:89,5,1,1
BRDA:121,6,0,0
BRDA:121,6,1,0
BRDA:131,7,0,0
BRDA:131,7,1,0
BRDA:138,8,0,0
BRDA:138,8,1,0
BRDA:159,9,0,0
BRDA:159,9,1,0
BRDA:170,10,0,0
BRDA:170,10,1,0
BRDA:191,11,0,0
BRDA:191,11,1,0
BRDA:201,12,0,0
BRDA:201,12,1,0
BRDA:221,13,0,0
BRDA:221,13,1,0
BRDA:272,14,0,0
BRDA:272,14,1,0
BRDA:273,15,0,0
BRDA:273,15,1,0
BRDA:290,16,0,0
BRDA:290,16,1,0
BRDA:295,17,0,0
BRDA:295,17,1,0
BRDA:299,18,0,0
BRDA:299,18,1,0
BRDA:303,19,0,0
BRDA:303,19,1,0
BRF:40
BRH:6
end_of_record
TN:
SF:/bwa/middleware/auth.js
FN:6,(anonymous_0)
FN:14,(anonymous_1)
FN:32,(anonymous_2)
FN:49,(anonymous_3)
FN:67,(anonymous_4)
FN:79,(anonymous_5)
FNF:6
FNH:2
FNDA:0,(anonymous_0)
FNDA:0,(anonymous_1)
FNDA:66,(anonymous_2)
FNDA:0,(anonymous_3)
FNDA:0,(anonymous_4)
FNDA:59,(anonymous_5)
DA:3,1
DA:5,1
DA:7,0
DA:8,0
DA:10,0
DA:11,0
DA:15,0
DA:16,0
DA:20,0
DA:24,0
DA:25,0
DA:26,0
DA:29,0
DA:33,66
DA:34,35
DA:38,35
DA:41,31
DA:42,2
DA:43,2
DA:46,29
DA:50,0
DA:51,0
DA:55,0
DA:58,0
DA:59,0
DA:60,0
DA:63,0
DA:68,0
DA:69,0
DA:73,0
DA:76,0
DA:80,59
DA:81,58
DA:83,1
LF:34
LH:12
BRDA:7,0,0,0
BRDA:7,0,1,0
BRDA:15,1,0,0
BRDA:15,1,1,0
BRDA:15,2,0,0
BRDA:15,2,1,0
BRDA:24,3,0,0
BRDA:24,3,1,0
BRDA:33,4,0,35
BRDA:33,4,1,31
BRDA:33,5,0,66
BRDA:33,5,1,31
BRDA:41,6,0,2
BRDA:41,6,1,29
BRDA:50,7,0,0
BRDA:50,7,1,0
BRDA:50,8,0,0
BRDA:50,8,1,0
BRDA:58,9,0,0
BRDA:58,9,1,0
BRDA:68,10,0,0
BRDA:68,10,1,0
BRDA:68,11,0,0
BRDA:68,11,1,0
BRDA:68,11,2,0
BRDA:80,12,0,58
BRDA:80,12,1,1
BRF:27
BRH:8
end_of_record
TN:
SF:/bwa/middleware/passport.js
FN:6,(anonymous_0)
FN:10,(anonymous_1)
FN:15,(anonymous_2)
FN:16,(anonymous_3)
FN:22,verifyLogin
FNF:5
FNH:5
FNDA:1,(anonymous_0)
FNDA:26,(anonymous_1)
FNDA:72,(anonymous_2)
FNDA:72,(anonymous_3)
FNDA:29,verifyLogin
DA:3,1
DA:4,1
DA:6,1
DA:7,1
DA:10,1
DA:11,26
DA:15,1
DA:16,72
DA:17,72
DA:24,29
DA:27,29
DA:28,29
DA:31,28
DA:32,28
DA:35,27
DA:36,27
DA:38,26
LF:17
LH:17
BRDA:28,0,0,1
BRDA:28,0,1,28
BRDA:32,1,0,1
BRDA:32,1,1,27
BRDA:36,2,0,1
BRDA:36,2,1,26
BRF:6
BRH:6
end_of_record
TN:
SF:/bwa/models/db.js
FN:6,connectDB
FN:15,(anonymous_1)
FN:16,(anonymous_2)
FN:25,handleCriticalError
FN:30,disconnectDB
FNF:5
FNH:3
FNDA:2,connectDB
FNDA:2,(anonymous_1)
FNDA:0,(anonymous_2)
FNDA:0,handleCriticalError
FNDA:1,disconnectDB
DA:3,1
DA:4,1
DA:8,2
DA:16,2
DA:17,0
DA:20,2
DA:26,0
DA:27,0
DA:31,1
DA:35,1
LF:10
LH:7
BRF:0
BRH:0
end_of_record
TN:
SF:/bwa/models/hello.js
FN:4,(anonymous_0)
FNF:1
FNH:1
FNDA:6,(anonymous_0)
DA:3,1
DA:5,6
DA:7,6
DA:10,0
DA:13,6
DA:14,0
DA:17,6
DA:19,6
DA:20,0
DA:23,6
DA:24,0
DA:27,6
LF:12
LH:8
BRDA:7,0,0,0
BRDA:7,0,1,6
BRDA:7,1,0,6
BRDA:7,1,1,6
BRDA:7,1,2,6
BRDA:13,2,0,0
BRDA:13,2,1,6
BRDA:19,3,0,0
BRDA:19,3,1,6
BRDA:23,4,0,0
BRDA:23,4,1,6
BRF:11
BRH:7
end_of_record
TN:
SF:/bwa/models/questionnaire.input.js
FN:27,(anonymous_0)
FN:38,(anonymous_1)
FN:59,(anonymous_2)
FN:66,(anonymous_3)
FN:82,(anonymous_4)
FN:98,(anonymous_5)
FN:105,(anonymous_6)
FN:112,(anonymous_7)
FNF:8
FNH:5
FNDA:0,(anonymous_0)
FNDA:0,(anonymous_1)
FNDA:0,(anonymous_2)
FNDA:1,(anonymous_3)
FNDA:3,(anonymous_4)
FNDA:2,(anonymous_5)
FNDA:1,(anonymous_6)
FNDA:5,(anonymous_7)
DA:8,1
DA:12,1
DA:18,1
DA:28,0
DA:39,0
DA:50,1
DA:60,0
DA:67,1
DA:83,3
DA:89,1
DA:99,2
DA:106,1
DA:113,5
DA:121,1
DA:122,1
DA:123,1
LF:16
LH:13
BRF:0
BRH:0
end_of_record
TN:
SF:/bwa/models/questionnaire.js
FN:36,(anonymous_0)
FN:60,(anonymous_1)
FN:65,(anonymous_2)
FN:75,(anonymous_3)
FN:104,(anonymous_4)
FN:109,(anonymous_5)
FN:124,(anonymous_6)
FN:133,(anonymous_7)
FN:142,(anonymous_8)
FN:151,(anonymous_9)
FNF:10
FNH:7
FNDA:1430,(anonymous_0)
FNDA:647,(anonymous_1)
FNDA:1430,(anonymous_2)
FNDA:648,(anonymous_3)
FNDA:325,(anonymous_4)
FNDA:647,(anonymous_5)
FNDA:0,(anonymous_6)
FNDA:0,(anonymous_7)
FNDA:13,(anonymous_8)
FNDA:0,(anonymous_9)
DA:4,1
DA:5,1
DA:10,1
DA:13,1
DA:15,1
DA:36,1
DA:37,1430
DA:38,72
DA:39,72
DA:42,1
DA:61,647
DA:62,647
DA:64,647
DA:65,647
DA:66,1430
DA:67,1430
DA:69,1430
DA:70,1430
DA:73,647
DA:75,647
DA:76,648
DA:85,1
DA:105,325
DA:106,325
DA:108,325
DA:109,325
DA:110,647
DA:111,647
DA:113,647
DA:114,647
DA:117,325
DA:124,1
DA:125,0
DA:129,0
DA:130,0
DA:133,1
DA:134,0
DA:138,0
DA:139,0
DA:142,1
DA:143,13
DA:147,13
DA:148,13
DA:151,1
DA:152,0
DA:161,0
DA:162,0
DA:163,0
DA:166,1
DA:167,1
DA:168,1
LF:51
LH:41
BRDA:37,0,0,1358
BRDA:37,0,1,72
BRDA:38,1,0,72
BRDA:38,1,1,0
BRDA:61,2,0,0
BRDA:61,2,1,647
BRDA:61,3,0,647
BRDA:61,3,1,647
BRDA:62,4,0,0
BRDA:62,4,1,647
BRDA:66,5,0,0
BRDA:66,5,1,1430
BRDA:69,6,0,0
BRDA:69,6,1,1430
BRDA:73,7,0,0
BRDA:73,7,1,647
BRDA:105,8,0,0
BRDA:105,8,1,325
BRDA:105,9,0,325
BRDA:105,9,1,325
BRDA:106,10,0,0
BRDA:106,10,1,325
BRDA:110,11,0,0
BRDA:110,11,1,647
BRDA:113,12,0,0
BRDA:113,12,1,647
BRDA:129,13,0,0
BRDA:129,13,1,0
BRDA:138,14,0,0
BRDA:138,14,1,0
BRDA:147,15,0,8
BRDA:147,15,1,5
BRDA:162,16,0,0
BRDA:162,16,1,0
BRF:34
BRH:18
end_of_record
TN:
SF:/bwa/models/user.js
FN:35,(anonymous_0)
FN:42,(anonymous_1)
FN:47,(anonymous_2)
FN:52,(anonymous_3)
FN:60,(anonymous_4)
FN:91,(anonymous_5)
FN:110,(anonymous_6)
FN:117,(anonymous_7)
FN:125,(anonymous_8)
FN:133,(anonymous_9)
FN:149,(anonymous_10)
FN:161,(anonymous_11)
FN:173,(anonymous_12)
FN:192,(anonymous_13)
FN:210,(anonymous_14)
FNF:15
FNH:10
FNDA:0,(anonymous_0)
FNDA:4,(anonymous_1)
FNDA:1,(anonymous_2)
FNDA:3,(anonymous_3)
FNDA:0,(anonymous_4)
FNDA:31,(anonymous_5)
FNDA:63,(anonymous_6)
FNDA:94,(anonymous_7)
FNDA:63,(anonymous_8)
FNDA:0,(anonymous_9)
FNDA:0,(anonymous_10)
FNDA:29,(anonymous_11)
FNDA:10,(anonymous_12)
FNDA:0,(anonymous_13)
FNDA:27,(anonymous_14)
DA:3,1
DA:4,1
DA:5,1
DA:11,1
DA:13,1
DA:28,1
DA:36,0
DA:43,4
DA:48,1
DA:53,3
DA:61,0
DA:69,1
DA:92,31
DA:97,31
DA:110,1
DA:114,63
DA:117,1
DA:122,94
DA:125,1
DA:130,63
DA:133,1
DA:135,0
DA:149,1
DA:151,0
DA:152,0
DA:156,0
DA:157,0
DA:158,0
DA:161,1
DA:163,29
DA:164,29
DA:168,29
DA:169,29
DA:170,29
DA:173,1
DA:176,10
DA:177,10
DA:184,10
DA:188,10
DA:189,10
DA:192,1
DA:195,0
DA:196,0
DA:202,0
DA:206,0
DA:207,0
DA:210,1
DA:211,27
DA:214,1
DA:215,1
LF:50
LH:37
BRDA:92,0,0,0
BRDA:92,0,1,31
BRDA:92,1,0,31
BRDA:92,1,1,31
BRDA:122,2,0,94
BRDA:122,2,1,8
BRDA:130,3,0,63
BRDA:130,3,1,4
BRDA:157,4,0,0
BRDA:157,4,1,0
BRDA:169,5,0,1
BRDA:169,5,1,28
BRDA:188,6,0,6
BRDA:188,6,1,4
BRDA:206,7,0,0
BRDA:206,7,1,0
BRF:16
BRH:11
end_of_record
TN:
SF:/bwa/models/validator.js
FN:8,(anonymous_0)
FN:17,(anonymous_1)
FNF:2
FNH:2
FNDA:15,(anonymous_0)
FNDA:18,(anonymous_1)
DA:3,1
DA:5,1
DA:9,15
DA:11,15
DA:12,0
DA:15,15
DA:17,15
DA:19,18
DA:20,2
DA:23,16
DA:26,15
LF:11
LH:10
BRDA:9,0,0,0
BRDA:9,0,1,15
BRDA:11,1,0,0
BRDA:11,1,1,15
BRDA:19,2,0,2
BRDA:19,2,1,16
BRF:6
BRH:4
end_of_record
TN:
SF:/bwa/routes/game.js
FNF:0
FNH:0
DA:3,1
DA:4,1
DA:5,1
DA:7,1
DA:8,1
DA:9,1
DA:11,1
LF:7
LH:7
BRF:0
BRH:0
end_of_record
TN:
SF:/bwa/routes/hello.js
FNF:0
FNH:0
DA:3,1
DA:4,1
DA:5,1
DA:7,1
DA:8,1
DA:10,1
LF:6
LH:6
BRF:0
BRH:0
end_of_record
TN:
SF:/bwa/routes/questionnaire.js
FNF:0
FNH:0
DA:3,1
DA:4,1
DA:5,1
DA:6,1
DA:8,1
DA:9,1
DA:11,1
DA:14,1
DA:15,1
DA:18,1
DA:19,1
DA:22,1
DA:23,1
DA:26,1
DA:27,1
DA:29,1
LF:16
LH:16
BRF:0
BRH:0
end_of_record
TN:
SF:/bwa/routes/users.js
FN:26,(anonymous_0)
FNF:1
FNH:1
FNDA:31,(anonymous_0)
DA:3,1
DA:4,1
DA:5,1
DA:6,1
DA:7,1
DA:9,1
DA:10,1
DA:14,1
DA:22,1
DA:27,31
DA:37,1
DA:41,1
DA:45,1
DA:57,1
DA:60,1
DA:70,1
DA:81,1
DA:87,1
LF:18
LH:18
BRF:0
BRH:0
end_of_record
TN:
SF:/bwa/setup/createusers.js
FN:3,(anonymous_0)
FNF:1
FNH:1
FNDA:1,(anonymous_0)
DA:3,1
DA:4,1
DA:5,1
DA:7,1
DA:8,1
DA:13,0
DA:14,0
DA:15,0
DA:16,0
LF:9
LH:5
BRDA:7,0,0,1
BRDA:7,0,1,0
BRF:2
BRH:1
end_of_record
